     1                                  ;################################################################################
     2                                  ;#	Título: Modulo de iniciacion en 16 bits										#
     3                                  ;#																				#
     4                                  ;#	Versión:		2.0							Fecha: 	08-06-2017				#
     5                                  ;#	Autor: 			Matias Echavarria			Tab: 	4						#
     6                                  ;#	Compilación:	Usar Makefile												#
     7                                  ;#	Uso: 			-															#
     8                                  ;#	------------------------------------------------------------------------	#
     9                                  ;#	Descripción:	Inicializacion de PCI y perifericos basicos	para una PC		#
    10                                  ;#					Reemplaza el BIOS iniciando en 0xFFFFFFF0					#
    11                                  ;#	------------------------------------------------------------------------	#
    12                                  ;#	Revisiones:																	#
    13                                  ;#	------------------------------------------------------------------------	#
    14                                  ;#	TODO:																		#
    15                                  ;#		-																		#
    16                                  ;################################################################################
    17                                  USE16
    18                                  
    19                                  %ifndef ROM_LOCATION							; Macro definida externamente
    20                                  	%error "ROM_LOCATION no definido"
    21                                  %endif	
    22                                  
    23                                  ;--------------------------------------------------------------------------------
    24                                  ; Macros
    25                                  ;--------------------------------------------------------------------------------
    26                                  %define 	CR0_PE	0x00000001 					; Protection Enable
    27                                  %define	 	CR0_PG	0x80000000 					; Paginacion
    28                                  
    29                                  %macro 		leer_registro_pci 1 				; 1 parámetro
    30                                  	mov 	eax, %1
    31                                  	or 		eax, esi
    32                                  	mov		dx, 0x0CF8
    33                                  	out 	dx, eax    							; Escribir palabra de configuración.
    34                                  	mov 	dx, 0x0CFC
    35                                  	in 		eax, dx   							; Verificar si existe el dispositivo.
    36                                  %endmacro
    37                                  
    38                                  ;--------------------------------------------------------------------------------
    39                                  ; Salto a punto de entrada
    40                                  ;--------------------------------------------------------------------------------
    41 00000000 E9FC10                  	jmp 	bios_init	; Inicio del codigo de inicializacion
    42                                  
    43                                  ;--------------------------------------------------------------------------------
    44                                  ; Tablas de datos para inicializacion
    45                                  ;--------------------------------------------------------------------------------
    46                                  seq_regs_data:
    47 00000003 03                      	db 		0x03  		; Reset Register
    48 00000004 00                      	db 		0x00  		; Clocking Mode Register
    49 00000005 03                      	db 		0x03  		; Map Mask Register
    50 00000006 00                      	db 		0x00  		; Character Map Select Register
    51 00000007 02                      	db 		0x02 		; Sequencer Memory Mode Register
    52                                  
    53                                  crtc_regs_data:
    54 00000008 5F                      	db 		0x5F  		; Cantidad caracteres menos 5 incluyendo borde.
    55 00000009 4F                      	db 		0x4F  		; Cantidad caracteres visualizados menos 1.
    56 0000000A 50                      	db 		0x50  		; Carácter en el que comienza el blanqueo.
    57 0000000B 82                      	db 		0x82  		; Fin de blanqueo horizontal.
    58 0000000C 55                      	db 		0x55  		; Carácter donde comienza el retrazo horizontal.
    59 0000000D 81                      	db 		0x81  		; Fin del retrazo horizontal.
    60 0000000E BF                      	db 		0xBF  		; Cantidad de scan lines - 2 (0x1BF = 447).
    61 0000000F 1F                      	db 		0x1F  		; Bits 9 y 8 de varios registros.
    62 00000010 00                      	db 		0x00  		; Primer scan line a ser visualizado.
    63 00000011 4F                      	db 		0x4F  		; Bits 4-0: máxima línea de scan.
    64 00000012 0D                      	db 		0x0D  		; Scan line donde comienza el cursor.
    65 00000013 0E                      	db 		0x0E  		; Scan line donde termina el cursor.
    66 00000014 00                      	db 		0x00 	 	; Bits 15-8 del inicio del buffer de video.
    67 00000015 00                      	db	 	0x00 	 	; Bits 7-0 del inicio del buffer de video.
    68 00000016 05                      	db		0x05 		; Bits 15-8 de la posición del cursor en pantalla.
    69 00000017 50                      	db 		0x50 		; Bits 7-0 de la posición del cursor en pantalla.
    70 00000018 9C                      	db 		0x9C  		; Inicio retrazado vertical (0x19C = 412).
    71 00000019 8E                      	db 		0x8E  		; Fin retrazado vertical (bits 3-0) y protección de
    72                                  						; escritura para registros cero a 7 (bit 7).
    73 0000001A 8F                      	db 		0x8F  		; Fin de refresco vertical (0x18F = 409)
    74 0000001B 28                      	db 		0x28  		; Cantidad de bytes por scan line dividido 4.
    75 0000001C 1F                      	db 		0x1F  		; Scan line para el subrayado.
    76 0000001D 96                      	db 		0x96  		; Inicio blanqueo vertical (0x196 = 406)
    77 0000001E B9                      	db 		0xB9  		; Fin blanqueo vertical (0x1B9 = 441)
    78 0000001F A3                      	db 		0xA3  		; Registro de control de modo.
    79 00000020 FF                      	db 		0xFF  		; Registro de comparación de líneas.
    80                                  
    81                                  graphics_regs_data:
    82 00000021 00                      	db 		0x00  		; Set/Reset Register
    83 00000022 00                      	db 		0x00  		; Enable Set/Reset Register
    84 00000023 00                      	db 		0x00  		; Color Compare Register
    85 00000024 00                      	db 		0x00  		; Data Rotate Register
    86 00000025 00                      	db 		0x00  		; Graphics Mode Register  
    87 00000026 10                      	db 		0x10  		; Miscellaneous Graphics Register
    88 00000027 0E                      	db 		0x0E  		; Color Don't Care Register
    89 00000028 00                      	db 		0x00  		; Bit Mask Register
    90 00000029 FF                      	db 		0xFF
    91                                  
    92                                  attrcon_regs_data:
    93 0000002A 00                      	db 		0x00  		; Paleta para color 0.
    94 0000002B 01                      	db 		0x01  		; Paleta para color 1.
    95 0000002C 02                      	db 		0x02  		; Paleta para color 2.
    96 0000002D 03                      	db 		0x03  		; Paleta para color 3.
    97 0000002E 04                      	db 		0x04  		; Paleta para color 4.
    98 0000002F 05                      	db 		0x05  		; Paleta para color 5.
    99 00000030 14                      	db 		0x14  		; Paleta para color 6.
   100 00000031 07                      	db 		0x07  		; Paleta para color 7.
   101 00000032 38                      	db 		0x38  		; Paleta para color 8.
   102 00000033 39                      	db 		0x39  		; Paleta para color 9.
   103 00000034 3A                      	db 		0x3A  		; Paleta para color 10.
   104 00000035 3B                      	db 		0x3B  		; Paleta para color 11.
   105 00000036 3C                      	db 		0x3C  		; Paleta para color 12.
   106 00000037 3D                      	db 		0x3D  		; Paleta para color 13.
   107 00000038 3E                      	db 		0x3E  		; Paleta para color 14.
   108 00000039 3F                      	db 		0x3F  		; Paleta para color 15.
   109 0000003A 0C                      	db 		0x0C  		; Registro de control de atributos.
   110                                  						; * Bit 7: Fuente de los bits de video P5 y P4 al DAC de video
   111                                  						; * Bit 6: Habilitación de 256 colores.
   112                                  						; * Bit 5: Modo de desplazamiento de píxeles
   113                                  						; * Bit 4: No usado
   114                                  						; * Bit 3: "1" para habilitar blink, "0" para tener 16 colores de fondo.
   115                                  						; * Bit 2: Replicación de octava a novena columna para caracteres
   116                                  						;         0xC0 - 0xDF (para dibujar bloques en modo texto).
   117                                  						; * Bit 1: Sin uso
   118                                  						; * Bit 0: Habilitación de gráficos.
   119 0000003B 00                      	db 		0x00  		; Color usado para el borde en algunos modos.
   120 0000003C 0F                      	db 		0x0F  		; Habilitación de planos de color.
   121 0000003D 08                      	db 		0x08  		; Desplazamiento de píxeles de video hacia la izquierda.
   122 0000003E 00                      	db 		0x00  		; Registro de selección de color.
   123                                  
   124                                  palette_data:
   125 0000003F 000000                  	db 		0x00, 0x00, 0x00    ;RGB of color #0
   126 00000042 00002A                  	db 		0x00, 0x00, 0x2a
   127 00000045 002A00                  	db 		0x00, 0x2a, 0x00
   128 00000048 002A2A                  	db 		0x00, 0x2a, 0x2a
   129 0000004B 2A0000                  	db 		0x2a, 0x00, 0x00    ;RGB of color #4
   130 0000004E 2A002A                  	db 		0x2a, 0x00, 0x2a
   131 00000051 2A2A00                  	db 		0x2a, 0x2a, 0x00
   132 00000054 2A2A2A                  	db 		0x2a, 0x2a, 0x2a
   133 00000057 000015                  	db 		0x00, 0x00, 0x15    ;RGB of color #8
   134 0000005A 00003F                  	db 		0x00, 0x00, 0x3f
   135 0000005D 002A15                  	db 		0x00, 0x2a, 0x15
   136 00000060 002A3F                  	db 		0x00, 0x2a, 0x3f
   137 00000063 2A0015                  	db 		0x2a, 0x00, 0x15    ;RGB of color #12
   138 00000066 2A003F                  	db 		0x2a, 0x00, 0x3f
   139 00000069 2A2A15                  	db 		0x2a, 0x2a, 0x15
   140 0000006C 2A2A3F                  	db 		0x2a, 0x2a, 0x3f
   141 0000006F 001500                  	db 		0x00, 0x15, 0x00    ;RGB of color #16
   142 00000072 00152A                  	db 		0x00, 0x15, 0x2a
   143 00000075 003F00                  	db		0x00, 0x3f, 0x00
   144 00000078 003F2A                  	db 		0x00, 0x3f, 0x2a
   145 0000007B 2A1500                  	db 		0x2a, 0x15, 0x00    ;RGB of color #20
   146 0000007E 2A152A                  	db 		0x2a, 0x15, 0x2a
   147 00000081 2A3F00                  	db 		0x2a, 0x3f, 0x00
   148 00000084 2A3F2A                  	db 		0x2a, 0x3f, 0x2a
   149 00000087 001515                  	db 		0x00, 0x15, 0x15    ;RGB of color #24
   150 0000008A 00153F                  	db 		0x00, 0x15, 0x3f
   151 0000008D 003F15                  	db 		0x00, 0x3f, 0x15
   152 00000090 003F3F                  	db 		0x00, 0x3f, 0x3f
   153 00000093 2A1515                  	db 		0x2a, 0x15, 0x15    ;RGB of color #28
   154 00000096 2A153F                  	db 		0x2a, 0x15, 0x3f
   155 00000099 2A3F15                  	db 		0x2a, 0x3f, 0x15
   156 0000009C 2A3F3F                  	db 		0x2a, 0x3f, 0x3f
   157 0000009F 150000                  	db 		0x15, 0x00, 0x00    ;RGB of color #32
   158 000000A2 15002A                  	db 		0x15, 0x00, 0x2a
   159 000000A5 152A00                  	db 		0x15, 0x2a, 0x00
   160 000000A8 152A2A                  	db 		0x15, 0x2a, 0x2a
   161 000000AB 3F0000                  	db 		0x3f, 0x00, 0x00    ;RGB of color #36
   162 000000AE 3F002A                  	db 		0x3f, 0x00, 0x2a
   163 000000B1 3F2A00                  	db 		0x3f, 0x2a, 0x00
   164 000000B4 3F2A2A                  	db 		0x3f, 0x2a, 0x2a
   165 000000B7 150015                  	db 		0x15, 0x00, 0x15    ;RGB of color #40
   166 000000BA 15003F                  	db 		0x15, 0x00, 0x3f
   167 000000BD 152A15                  	db 		0x15, 0x2a, 0x15
   168 000000C0 152A3F                  	db 		0x15, 0x2a, 0x3f
   169 000000C3 3F0015                  	db 		0x3f, 0x00, 0x15    ;RGB of color #44
   170 000000C6 3F003F                  	db 		0x3f, 0x00, 0x3f
   171 000000C9 3F2A15                  	db 		0x3f, 0x2a, 0x15
   172 000000CC 3F2A3F                  	db 		0x3f, 0x2a, 0x3f
   173 000000CF 151500                  	db 		0x15, 0x15, 0x00    ;RGB of color #48
   174 000000D2 15152A                  	db 		0x15, 0x15, 0x2a
   175 000000D5 153F00                  	db 		0x15, 0x3f, 0x00
   176 000000D8 153F2A                  	db 		0x15, 0x3f, 0x2a
   177 000000DB 3F1500                  	db 		0x3f, 0x15, 0x00    ;RGB of color #52
   178 000000DE 3F152A                  	db 		0x3f, 0x15, 0x2a
   179 000000E1 3F3F00                  	db 		0x3f, 0x3f, 0x00
   180 000000E4 3F3F2A                  	db 		0x3f, 0x3f, 0x2a
   181 000000E7 151515                  	db 		0x15, 0x15, 0x15    ;RGB of color #56
   182 000000EA 15153F                  	db 		0x15, 0x15, 0x3f
   183 000000ED 153F15                  	db 		0x15, 0x3f, 0x15
   184 000000F0 153F3F                  	db 		0x15, 0x3f, 0x3f
   185 000000F3 3F1515                  	db 		0x3f, 0x15, 0x15    ;RGB of color #60
   186 000000F6 3F153F                  	db 		0x3f, 0x15, 0x3f
   187 000000F9 3F3F15                  	db 		0x3f, 0x3f, 0x15
   188 000000FC 3F3F3F                  	db 		0x3f, 0x3f, 0x3f
   189                                  
   190                                  ;--------------------------------------------------------------------------------
   191                                  ; Fonts de dominio público de Joseph Gil
   192                                  ;--------------------------------------------------------------------------------
   193                                  font16x8:
   194 000000FF 000000000000000000-     	db 0x00, 0x00, 0x00, 0x00, 0x00, 0x00, 0x00, 0x00, 0x00, 0x00, 0x00, 0x00, 0x00, 0x00, 0x00, 0x00
   195 00000108 00000000000000     
   196 0000010F 00007E81A58181BD99-     	db 0x00, 0x00, 0x7e, 0x81, 0xa5, 0x81, 0x81, 0xbd, 0x99, 0x81, 0x81, 0x7e, 0x00, 0x00, 0x00, 0x00
   197 00000118 81817E00000000     
   198 0000011F 00007EFFDBFFFFC3E7-     	db 0x00, 0x00, 0x7e, 0xff, 0xdb, 0xff, 0xff, 0xc3, 0xe7, 0xff, 0xff, 0x7e, 0x00, 0x00, 0x00, 0x00
   199 00000128 FFFF7E00000000     
   200 0000012F 000000006CFEFEFEFE-     	db 0x00, 0x00, 0x00, 0x00, 0x6c, 0xfe, 0xfe, 0xfe, 0xfe, 0x7c, 0x38, 0x10, 0x00, 0x00, 0x00, 0x00
   201 00000138 7C381000000000     
   202 0000013F 0000000010387CFE7C-     	db 0x00, 0x00, 0x00, 0x00, 0x10, 0x38, 0x7c, 0xfe, 0x7c, 0x38, 0x10, 0x00, 0x00, 0x00, 0x00, 0x00
   203 00000148 38100000000000     
   204                                  
   205 0000014F 000000183C3CE7E7E7-     	db 0x00, 0x00, 0x00, 0x18, 0x3c, 0x3c, 0xe7, 0xe7, 0xe7, 0x18, 0x18, 0x3c, 0x00, 0x00, 0x00, 0x00	
   206 00000158 18183C00000000     
   207 0000015F 000000183C7EFFFF7E-     	db 0x00, 0x00, 0x00, 0x18, 0x3c, 0x7e, 0xff, 0xff, 0x7e, 0x18, 0x18, 0x3c, 0x00, 0x00, 0x00, 0x00
   208 00000168 18183C00000000     
   209 0000016F 000000000000183C3C-     	db 0x00, 0x00, 0x00, 0x00, 0x00, 0x00, 0x18, 0x3c, 0x3c, 0x18, 0x00, 0x00, 0x00, 0x00, 0x00, 0x00
   210 00000178 18000000000000     
   211 0000017F FFFFFFFFFFFFE7C3C3-     	db 0xff, 0xff, 0xff, 0xff, 0xff, 0xff, 0xe7, 0xc3, 0xc3, 0xe7, 0xff, 0xff, 0xff, 0xff, 0xff, 0xff
   212 00000188 E7FFFFFFFFFFFF     
   213 0000018F 00000000003C664242-     	db 0x00, 0x00, 0x00, 0x00, 0x00, 0x3c, 0x66, 0x42, 0x42, 0x66, 0x3c, 0x00, 0x00, 0x00, 0x00, 0x00
   214 00000198 663C0000000000     
   215                                  	
   216 0000019F FFFFFFFFFFC399BDBD-     	db 0xff, 0xff, 0xff, 0xff, 0xff, 0xc3, 0x99, 0xbd, 0xbd, 0x99, 0xc3, 0xff, 0xff, 0xff, 0xff, 0xff
   217 000001A8 99C3FFFFFFFFFF     
   218 000001AF 00001E0E1A3278CCCC-     	db 0x00, 0x00, 0x1e, 0x0e, 0x1a, 0x32, 0x78, 0xcc, 0xcc, 0xcc, 0xcc, 0x78, 0x00, 0x00, 0x00, 0x00
   219 000001B8 CCCC7800000000     
   220 000001BF 00003C666666663C18-     	db 0x00, 0x00, 0x3c, 0x66, 0x66, 0x66, 0x66, 0x3c, 0x18, 0x7e, 0x18, 0x18, 0x00, 0x00, 0x00, 0x00
   221 000001C8 7E181800000000     
   222 000001CF 00003F333F30303030-     	db 0x00, 0x00, 0x3f, 0x33, 0x3f, 0x30, 0x30, 0x30, 0x30, 0x70, 0xf0, 0xe0, 0x00, 0x00, 0x00, 0x00
   223 000001D8 70F0E000000000     
   224 000001DF 00007F637F63636363-     	db 0x00, 0x00, 0x7f, 0x63, 0x7f, 0x63, 0x63, 0x63, 0x63, 0x67, 0xe7, 0xe6, 0xc0, 0x00, 0x00, 0x00
   225 000001E8 67E7E6C0000000     
   226                                  	
   227 000001EF 0000001818DB3CE73C-     	db 0x00, 0x00, 0x00, 0x18, 0x18, 0xdb, 0x3c, 0xe7, 0x3c, 0xdb, 0x18, 0x18, 0x00, 0x00, 0x00, 0x00
   228 000001F8 DB181800000000     
   229 000001FF 0080C0E0F0F8FEF8F0-     	db 0x00, 0x80, 0xc0, 0xe0, 0xf0, 0xf8, 0xfe, 0xf8, 0xf0, 0xe0, 0xc0, 0x80, 0x00, 0x00, 0x00, 0x00
   230 00000208 E0C08000000000     
   231 0000020F 0002060E1E3EFE3E1E-     	db 0x00, 0x02, 0x06, 0x0e, 0x1e, 0x3e, 0xfe, 0x3e, 0x1e, 0x0e, 0x06, 0x02, 0x00, 0x00, 0x00, 0x00
   232 00000218 0E060200000000     
   233 0000021F 0000183C7E1818187E-     	db 0x00, 0x00, 0x18, 0x3c, 0x7e, 0x18, 0x18, 0x18, 0x7e, 0x3c, 0x18, 0x00, 0x00, 0x00, 0x00, 0x00
   234 00000228 3C180000000000     
   235 0000022F 000066666666666666-     	db 0x00, 0x00, 0x66, 0x66, 0x66, 0x66, 0x66, 0x66, 0x66, 0x00, 0x66, 0x66, 0x00, 0x00, 0x00, 0x00
   236 00000238 00666600000000     
   237                                  
   238 0000023F 00007FDBDBDB7B1B1B-     	db 0x00, 0x00, 0x7f, 0xdb, 0xdb, 0xdb, 0x7b, 0x1b, 0x1b, 0x1b, 0x1b, 0x1b, 0x00, 0x00, 0x00, 0x00
   239 00000248 1B1B1B00000000     
   240 0000024F 007CC660386CC6C66C-     	db 0x00, 0x7c, 0xc6, 0x60, 0x38, 0x6c, 0xc6, 0xc6, 0x6c, 0x38, 0x0c, 0xc6, 0x7c, 0x00, 0x00, 0x00
   241 00000258 380CC67C000000     
   242 0000025F 0000000000000000FE-     	db 0x00, 0x00, 0x00, 0x00, 0x00, 0x00, 0x00, 0x00, 0xfe, 0xfe, 0xfe, 0xfe, 0x00, 0x00, 0x00, 0x00
   243 00000268 FEFEFE00000000     
   244 0000026F 0000183C7E1818187E-     	db 0x00, 0x00, 0x18, 0x3c, 0x7e, 0x18, 0x18, 0x18, 0x7e, 0x3c, 0x18, 0x7e, 0x00, 0x00, 0x00, 0x00
   245 00000278 3C187E00000000     
   246 0000027F 0000183C7E18181818-     	db 0x00, 0x00, 0x18, 0x3c, 0x7e, 0x18, 0x18, 0x18, 0x18, 0x18, 0x18, 0x18, 0x00, 0x00, 0x00, 0x00
   247 00000288 18181800000000     
   248                                  
   249 0000028F 000018181818181818-     	db 0x00, 0x00, 0x18, 0x18, 0x18, 0x18, 0x18, 0x18, 0x18, 0x7e, 0x3c, 0x18, 0x00, 0x00, 0x00, 0x00
   250 00000298 7E3C1800000000     
   251 0000029F 0000000000180CFE0C-     	db 0x00, 0x00, 0x00, 0x00, 0x00, 0x18, 0x0c, 0xfe, 0x0c, 0x18, 0x00, 0x00, 0x00, 0x00, 0x00, 0x00
   252 000002A8 18000000000000     
   253 000002AF 00000000003060FE60-     	db 0x00, 0x00, 0x00, 0x00, 0x00, 0x30, 0x60, 0xfe, 0x60, 0x30, 0x00, 0x00, 0x00, 0x00, 0x00, 0x00
   254 000002B8 30000000000000     
   255 000002BF 000000000000C0C0C0-     	db 0x00, 0x00, 0x00, 0x00, 0x00, 0x00, 0xc0, 0xc0, 0xc0, 0xfe, 0x00, 0x00, 0x00, 0x00, 0x00, 0x00
   256 000002C8 FE000000000000     
   257 000002CF 00000000002466FF66-     	db 0x00, 0x00, 0x00, 0x00, 0x00, 0x24, 0x66, 0xff, 0x66, 0x24, 0x00, 0x00, 0x00, 0x00, 0x00, 0x00
   258 000002D8 24000000000000     
   259                                  
   260 000002DF 000000001038387C7C-     	db 0x00, 0x00, 0x00, 0x00, 0x10, 0x38, 0x38, 0x7c, 0x7c, 0xfe, 0xfe, 0x00, 0x00, 0x00, 0x00, 0x00
   261 000002E8 FEFE0000000000     
   262 000002EF 00000000FEFE7C7C38-     	db 0x00, 0x00, 0x00, 0x00, 0xfe, 0xfe, 0x7c, 0x7c, 0x38, 0x38, 0x10, 0x00, 0x00, 0x00, 0x00, 0x00
   263 000002F8 38100000000000     
   264 000002FF 000000000000000000-     	db 0x00, 0x00, 0x00, 0x00, 0x00, 0x00, 0x00, 0x00, 0x00, 0x00, 0x00, 0x00, 0x00, 0x00, 0x00, 0x00
   265 00000308 00000000000000     
   266 0000030F 0000183C3C3C181818-     	db 0x00, 0x00, 0x18, 0x3c, 0x3c, 0x3c, 0x18, 0x18, 0x18, 0x00, 0x18, 0x18, 0x00, 0x00, 0x00, 0x00
   267 00000318 00181800000000     
   268 0000031F 006666662400000000-     	db 0x00, 0x66, 0x66, 0x66, 0x24, 0x00, 0x00, 0x00, 0x00, 0x00, 0x00, 0x00, 0x00, 0x00, 0x00, 0x00
   269 00000328 00000000000000     
   270                                  
   271 0000032F 0000006C6CFE6C6C6C-     	db 0x00, 0x00, 0x00, 0x6c, 0x6c, 0xfe, 0x6c, 0x6c, 0x6c, 0xfe, 0x6c, 0x6c, 0x00, 0x00, 0x00, 0x00
   272 00000338 FE6C6C00000000     
   273 0000033F 18187CC6C2C07C0606-     	db 0x18, 0x18, 0x7c, 0xc6, 0xc2, 0xc0, 0x7c, 0x06, 0x06, 0x86, 0xc6, 0x7c, 0x18, 0x18, 0x00, 0x00
   274 00000348 86C67C18180000     
   275 0000034F 00000000C2C60C1830-     	db 0x00, 0x00, 0x00, 0x00, 0xc2, 0xc6, 0x0c, 0x18, 0x30, 0x60, 0xc6, 0x86, 0x00, 0x00, 0x00, 0x00
   276 00000358 60C68600000000     
   277 0000035F 0000386C6C3876DCCC-     	db 0x00, 0x00, 0x38, 0x6c, 0x6c, 0x38, 0x76, 0xdc, 0xcc, 0xcc, 0xcc, 0x76, 0x00, 0x00, 0x00, 0x00
   278 00000368 CCCC7600000000     
   279 0000036F 003030306000000000-     	db 0x00, 0x30, 0x30, 0x30, 0x60, 0x00, 0x00, 0x00, 0x00, 0x00, 0x00, 0x00, 0x00, 0x00, 0x00, 0x00
   280 00000378 00000000000000     
   281                                  
   282 0000037F 00000C183030303030-     	db 0x00, 0x00, 0x0c, 0x18, 0x30, 0x30, 0x30, 0x30, 0x30, 0x30, 0x18, 0x0c, 0x00, 0x00, 0x00, 0x00
   283 00000388 30180C00000000     
   284 0000038F 000030180C0C0C0C0C-     	db 0x00, 0x00, 0x30, 0x18, 0x0c, 0x0c, 0x0c, 0x0c, 0x0c, 0x0c, 0x18, 0x30, 0x00, 0x00, 0x00, 0x00
   285 00000398 0C183000000000     
   286 0000039F 0000000000663CFF3C-     	db 0x00, 0x00, 0x00, 0x00, 0x00, 0x66, 0x3c, 0xff, 0x3c, 0x66, 0x00, 0x00, 0x00, 0x00, 0x00, 0x00
   287 000003A8 66000000000000     
   288 000003AF 000000000018187E18-     	db 0x00, 0x00, 0x00, 0x00, 0x00, 0x18, 0x18, 0x7e, 0x18, 0x18, 0x00, 0x00, 0x00, 0x00, 0x00, 0x00
   289 000003B8 18000000000000     
   290 000003BF 000000000000000000-     	db 0x00, 0x00, 0x00, 0x00, 0x00, 0x00, 0x00, 0x00, 0x00, 0x18, 0x18, 0x18, 0x30, 0x00, 0x00, 0x00
   291 000003C8 18181830000000     
   292                                  
   293 000003CF 00000000000000FE00-     	db 0x00, 0x00, 0x00, 0x00, 0x00, 0x00, 0x00, 0xfe, 0x00, 0x00, 0x00, 0x00, 0x00, 0x00, 0x00, 0x00
   294 000003D8 00000000000000     
   295 000003DF 000000000000000000-     	db 0x00, 0x00, 0x00, 0x00, 0x00, 0x00, 0x00, 0x00, 0x00, 0x00, 0x18, 0x18, 0x00, 0x00, 0x00, 0x00
   296 000003E8 00181800000000     
   297 000003EF 0000000002060C1830-     	db 0x00, 0x00, 0x00, 0x00, 0x02, 0x06, 0x0c, 0x18, 0x30, 0x60, 0xc0, 0x80, 0x00, 0x00, 0x00, 0x00
   298 000003F8 60C08000000000     
   299 000003FF 00003C66C3C3DBDBC3-     	db 0x00, 0x00, 0x3c, 0x66, 0xc3, 0xc3, 0xdb, 0xdb, 0xc3, 0xc3, 0x66, 0x3c, 0x00, 0x00, 0x00, 0x00
   300 00000408 C3663C00000000     
   301 0000040F 000018387818181818-     	db 0x00, 0x00, 0x18, 0x38, 0x78, 0x18, 0x18, 0x18, 0x18, 0x18, 0x18, 0x7e, 0x00, 0x00, 0x00, 0x00
   302 00000418 18187E00000000     
   303                                  
   304 0000041F 00007CC6060C183060-     	db 0x00, 0x00, 0x7c, 0xc6, 0x06, 0x0c, 0x18, 0x30, 0x60, 0xc0, 0xc6, 0xfe, 0x00, 0x00, 0x00, 0x00
   305 00000428 C0C6FE00000000     
   306 0000042F 00007CC606063C0606-     	db 0x00, 0x00, 0x7c, 0xc6, 0x06, 0x06, 0x3c, 0x06, 0x06, 0x06, 0xc6, 0x7c, 0x00, 0x00, 0x00, 0x00
   307 00000438 06C67C00000000     
   308 0000043F 00000C1C3C6CCCFE0C-     	db 0x00, 0x00, 0x0c, 0x1c, 0x3c, 0x6c, 0xcc, 0xfe, 0x0c, 0x0c, 0x0c, 0x1e, 0x00, 0x00, 0x00, 0x00
   309 00000448 0C0C1E00000000     
   310 0000044F 0000FEC0C0C0FC0606-     	db 0x00, 0x00, 0xfe, 0xc0, 0xc0, 0xc0, 0xfc, 0x06, 0x06, 0x06, 0xc6, 0x7c, 0x00, 0x00, 0x00, 0x00
   311 00000458 06C67C00000000     
   312 0000045F 00003860C0C0FCC6C6-     	db 0x00, 0x00, 0x38, 0x60, 0xc0, 0xc0, 0xfc, 0xc6, 0xc6, 0xc6, 0xc6, 0x7c, 0x00, 0x00, 0x00, 0x00
   313 00000468 C6C67C00000000     
   314                                  
   315 0000046F 0000FEC606060C1830-     	db 0x00, 0x00, 0xfe, 0xc6, 0x06, 0x06, 0x0c, 0x18, 0x30, 0x30, 0x30, 0x30, 0x00, 0x00, 0x00, 0x00
   316 00000478 30303000000000     
   317 0000047F 00007CC6C6C67CC6C6-     	db 0x00, 0x00, 0x7c, 0xc6, 0xc6, 0xc6, 0x7c, 0xc6, 0xc6, 0xc6, 0xc6, 0x7c, 0x00, 0x00, 0x00, 0x00
   318 00000488 C6C67C00000000     
   319 0000048F 00007CC6C6C67E0606-     	db 0x00, 0x00, 0x7c, 0xc6, 0xc6, 0xc6, 0x7e, 0x06, 0x06, 0x06, 0x0c, 0x78, 0x00, 0x00, 0x00, 0x00
   320 00000498 060C7800000000     
   321 0000049F 000000001818000000-     	db 0x00, 0x00, 0x00, 0x00, 0x18, 0x18, 0x00, 0x00, 0x00, 0x18, 0x18, 0x00, 0x00, 0x00, 0x00, 0x00
   322 000004A8 18180000000000     
   323 000004AF 000000001818000000-     	db 0x00, 0x00, 0x00, 0x00, 0x18, 0x18, 0x00, 0x00, 0x00, 0x18, 0x18, 0x30, 0x00, 0x00, 0x00, 0x00
   324 000004B8 18183000000000     
   325                                  
   326 000004BF 000000060C18306030-     	db 0x00, 0x00, 0x00, 0x06, 0x0c, 0x18, 0x30, 0x60, 0x30, 0x18, 0x0c, 0x06, 0x00, 0x00, 0x00, 0x00
   327 000004C8 180C0600000000     
   328 000004CF 00000000007E00007E-     	db 0x00, 0x00, 0x00, 0x00, 0x00, 0x7e, 0x00, 0x00, 0x7e, 0x00, 0x00, 0x00, 0x00, 0x00, 0x00, 0x00
   329 000004D8 00000000000000     
   330 000004DF 0000006030180C060C-     	db 0x00, 0x00, 0x00, 0x60, 0x30, 0x18, 0x0c, 0x06, 0x0c, 0x18, 0x30, 0x60, 0x00, 0x00, 0x00, 0x00
   331 000004E8 18306000000000     
   332 000004EF 00007CC6C60C181818-     	db 0x00, 0x00, 0x7c, 0xc6, 0xc6, 0x0c, 0x18, 0x18, 0x18, 0x00, 0x18, 0x18, 0x00, 0x00, 0x00, 0x00
   333 000004F8 00181800000000     
   334 000004FF 0000007CC6C6DEDEDE-     	db 0x00, 0x00, 0x00, 0x7c, 0xc6, 0xc6, 0xde, 0xde, 0xde, 0xdc, 0xc0, 0x7c, 0x00, 0x00, 0x00, 0x00
   335 00000508 DCC07C00000000     
   336                                  	
   337 0000050F 000010386CC6C6FEC6-     	db 0x00, 0x00, 0x10, 0x38, 0x6c, 0xc6, 0xc6, 0xfe, 0xc6, 0xc6, 0xc6, 0xc6, 0x00, 0x00, 0x00, 0x00 ;A
   338 00000518 C6C6C600000000     
   339                                  	;db 0x00, 0x00, 0x00, 0x00, 0xfe, 0xfe, 0xc6, 0xc6, 0xc6, 0xfe, 0xc6, 0xc6, 0xc6, 0xc7, 0x00, 0x00  ;A loca!
   340                                  	
   341 0000051F 0000FC6666667C6666-     	db 0x00, 0x00, 0xfc, 0x66, 0x66, 0x66, 0x7c, 0x66, 0x66, 0x66, 0x66, 0xfc, 0x00, 0x00, 0x00, 0x00 ;B
   342 00000528 6666FC00000000     
   343 0000052F 00003C66C2C0C0C0C0-     	db 0x00, 0x00, 0x3c, 0x66, 0xc2, 0xc0, 0xc0, 0xc0, 0xc0, 0xc2, 0x66, 0x3c, 0x00, 0x00, 0x00, 0x00 ;C
   344 00000538 C2663C00000000     
   345 0000053F 0000F86C6666666666-     	db 0x00, 0x00, 0xf8, 0x6c, 0x66, 0x66, 0x66, 0x66, 0x66, 0x66, 0x6c, 0xf8, 0x00, 0x00, 0x00, 0x00 ;D
   346 00000548 666CF800000000     
   347 0000054F 0000FE666268786860-     	db 0x00, 0x00, 0xfe, 0x66, 0x62, 0x68, 0x78, 0x68, 0x60, 0x62, 0x66, 0xfe, 0x00, 0x00, 0x00, 0x00 ;E
   348 00000558 6266FE00000000     
   349                                  
   350 0000055F 0000FE666268786860-     	db 0x00, 0x00, 0xfe, 0x66, 0x62, 0x68, 0x78, 0x68, 0x60, 0x60, 0x60, 0xf0, 0x00, 0x00, 0x00, 0x00
   351 00000568 6060F000000000     
   352 0000056F 00003C66C2C0C0DEC6-     	db 0x00, 0x00, 0x3c, 0x66, 0xc2, 0xc0, 0xc0, 0xde, 0xc6, 0xc6, 0x66, 0x3a, 0x00, 0x00, 0x00, 0x00
   353 00000578 C6663A00000000     
   354 0000057F 0000C6C6C6C6FEC6C6-     	db 0x00, 0x00, 0xc6, 0xc6, 0xc6, 0xc6, 0xfe, 0xc6, 0xc6, 0xc6, 0xc6, 0xc6, 0x00, 0x00, 0x00, 0x00
   355 00000588 C6C6C600000000     
   356 0000058F 00003C181818181818-     	db 0x00, 0x00, 0x3c, 0x18, 0x18, 0x18, 0x18, 0x18, 0x18, 0x18, 0x18, 0x3c, 0x00, 0x00, 0x00, 0x00
   357 00000598 18183C00000000     
   358 0000059F 00001E0C0C0C0C0CCC-     	db 0x00, 0x00, 0x1e, 0x0c, 0x0c, 0x0c, 0x0c, 0x0c, 0xcc, 0xcc, 0xcc, 0x78, 0x00, 0x00, 0x00, 0x00
   359 000005A8 CCCC7800000000     
   360 000005AF 0000E666666C78786C-     	db 0x00, 0x00, 0xe6, 0x66, 0x66, 0x6c, 0x78, 0x78, 0x6c, 0x66, 0x66, 0xe6, 0x00, 0x00, 0x00, 0x00
   361 000005B8 6666E600000000     
   362 000005BF 0000F0606060606060-     	db 0x00, 0x00, 0xf0, 0x60, 0x60, 0x60, 0x60, 0x60, 0x60, 0x62, 0x66, 0xfe, 0x00, 0x00, 0x00, 0x00
   363 000005C8 6266FE00000000     
   364 000005CF 0000C3E7FFFFDBC3C3-     	db 0x00, 0x00, 0xc3, 0xe7, 0xff, 0xff, 0xdb, 0xc3, 0xc3, 0xc3, 0xc3, 0xc3, 0x00, 0x00, 0x00, 0x00
   365 000005D8 C3C3C300000000     
   366 000005DF 0000C6E6F6FEDECEC6-     	db 0x00, 0x00, 0xc6, 0xe6, 0xf6, 0xfe, 0xde, 0xce, 0xc6, 0xc6, 0xc6, 0xc6, 0x00, 0x00, 0x00, 0x00
   367 000005E8 C6C6C600000000     
   368 000005EF 00007CC6C6C6C6C6C6-     	db 0x00, 0x00, 0x7c, 0xc6, 0xc6, 0xc6, 0xc6, 0xc6, 0xc6, 0xc6, 0xc6, 0x7c, 0x00, 0x00, 0x00, 0x00
   369 000005F8 C6C67C00000000     
   370 000005FF 0000FC6666667C6060-     	db 0x00, 0x00, 0xfc, 0x66, 0x66, 0x66, 0x7c, 0x60, 0x60, 0x60, 0x60, 0xf0, 0x00, 0x00, 0x00, 0x00
   371 00000608 6060F000000000     
   372 0000060F 00007CC6C6C6C6C6C6-     	db 0x00, 0x00, 0x7c, 0xc6, 0xc6, 0xc6, 0xc6, 0xc6, 0xc6, 0xd6, 0xde, 0x7c, 0x0c, 0x0e, 0x00, 0x00
   373 00000618 D6DE7C0C0E0000     
   374 0000061F 0000FC6666667C6C66-     	db 0x00, 0x00, 0xfc, 0x66, 0x66, 0x66, 0x7c, 0x6c, 0x66, 0x66, 0x66, 0xe6, 0x00, 0x00, 0x00, 0x00
   375 00000628 6666E600000000     
   376 0000062F 00007CC6C660380C06-     	db 0x00, 0x00, 0x7c, 0xc6, 0xc6, 0x60, 0x38, 0x0c, 0x06, 0xc6, 0xc6, 0x7c, 0x00, 0x00, 0x00, 0x00
   377 00000638 C6C67C00000000     
   378 0000063F 0000FFDB9918181818-     	db 0x00, 0x00, 0xff, 0xdb, 0x99, 0x18, 0x18, 0x18, 0x18, 0x18, 0x18, 0x3c, 0x00, 0x00, 0x00, 0x00
   379 00000648 18183C00000000     
   380 0000064F 0000C6C6C6C6C6C6C6-     	db 0x00, 0x00, 0xc6, 0xc6, 0xc6, 0xc6, 0xc6, 0xc6, 0xc6, 0xc6, 0xc6, 0x7c, 0x00, 0x00, 0x00, 0x00
   381 00000658 C6C67C00000000     
   382 0000065F 0000C3C3C3C3C3C3C3-     	db 0x00, 0x00, 0xc3, 0xc3, 0xc3, 0xc3, 0xc3, 0xc3, 0xc3, 0x66, 0x3c, 0x18, 0x00, 0x00, 0x00, 0x00
   383 00000668 663C1800000000     
   384 0000066F 0000C3C3C3C3C3DBDB-     	db 0x00, 0x00, 0xc3, 0xc3, 0xc3, 0xc3, 0xc3, 0xdb, 0xdb, 0xff, 0x66, 0x66, 0x00, 0x00, 0x00, 0x00
   385 00000678 FF666600000000     
   386 0000067F 0000C3C3663C18183C-     	db 0x00, 0x00, 0xc3, 0xc3, 0x66, 0x3c, 0x18, 0x18, 0x3c, 0x66, 0xc3, 0xc3, 0x00, 0x00, 0x00, 0x00
   387 00000688 66C3C300000000     
   388 0000068F 0000C3C3C3663C1818-     	db 0x00, 0x00, 0xc3, 0xc3, 0xc3, 0x66, 0x3c, 0x18, 0x18, 0x18, 0x18, 0x3c, 0x00, 0x00, 0x00, 0x00
   389 00000698 18183C00000000     
   390 0000069F 0000FFC3860C183060-     	db 0x00, 0x00, 0xff, 0xc3, 0x86, 0x0c, 0x18, 0x30, 0x60, 0xc1, 0xc3, 0xff, 0x00, 0x00, 0x00, 0x00
   391 000006A8 C1C3FF00000000     
   392 000006AF 00003C303030303030-     	db 0x00, 0x00, 0x3c, 0x30, 0x30, 0x30, 0x30, 0x30, 0x30, 0x30, 0x30, 0x3c, 0x00, 0x00, 0x00, 0x00
   393 000006B8 30303C00000000     
   394 000006BF 00000080C0E070381C-     	db 0x00, 0x00, 0x00, 0x80, 0xc0, 0xe0, 0x70, 0x38, 0x1c, 0x0e, 0x06, 0x02, 0x00, 0x00, 0x00, 0x00
   395 000006C8 0E060200000000     
   396 000006CF 00003C0C0C0C0C0C0C-     	db 0x00, 0x00, 0x3c, 0x0c, 0x0c, 0x0c, 0x0c, 0x0c, 0x0c, 0x0c, 0x0c, 0x3c, 0x00, 0x00, 0x00, 0x00
   397 000006D8 0C0C3C00000000     
   398 000006DF 10386CC60000000000-     	db 0x10, 0x38, 0x6c, 0xc6, 0x00, 0x00, 0x00, 0x00, 0x00, 0x00, 0x00, 0x00, 0x00, 0x00, 0x00, 0x00
   399 000006E8 00000000000000     
   400 000006EF 000000000000000000-     	db 0x00, 0x00, 0x00, 0x00, 0x00, 0x00, 0x00, 0x00, 0x00, 0x00, 0x00, 0x00, 0x00, 0xff, 0x00, 0x00
   401 000006F8 00000000FF0000     
   402 000006FF 303018000000000000-     	db 0x30, 0x30, 0x18, 0x00, 0x00, 0x00, 0x00, 0x00, 0x00, 0x00, 0x00, 0x00, 0x00, 0x00, 0x00, 0x00
   403 00000708 00000000000000     
   404 0000070F 0000000000780C7CCC-     	db 0x00, 0x00, 0x00, 0x00, 0x00, 0x78, 0x0c, 0x7c, 0xcc, 0xcc, 0xcc, 0x76, 0x00, 0x00, 0x00, 0x00
   405 00000718 CCCC7600000000     
   406 0000071F 0000E06060786C6666-     	db 0x00, 0x00, 0xe0, 0x60, 0x60, 0x78, 0x6c, 0x66, 0x66, 0x66, 0x66, 0x7c, 0x00, 0x00, 0x00, 0x00
   407 00000728 66667C00000000     
   408 0000072F 00000000007CC6C0C0-     	db 0x00, 0x00, 0x00, 0x00, 0x00, 0x7c, 0xc6, 0xc0, 0xc0, 0xc0, 0xc6, 0x7c, 0x00, 0x00, 0x00, 0x00
   409 00000738 C0C67C00000000     
   410 0000073F 00001C0C0C3C6CCCCC-     	db 0x00, 0x00, 0x1c, 0x0c, 0x0c, 0x3c, 0x6c, 0xcc, 0xcc, 0xcc, 0xcc, 0x76, 0x00, 0x00, 0x00, 0x00
   411 00000748 CCCC7600000000     
   412 0000074F 00000000007CC6FEC0-     	db 0x00, 0x00, 0x00, 0x00, 0x00, 0x7c, 0xc6, 0xfe, 0xc0, 0xc0, 0xc6, 0x7c, 0x00, 0x00, 0x00, 0x00
   413 00000758 C0C67C00000000     
   414 0000075F 0000386C6460F06060-     	db 0x00, 0x00, 0x38, 0x6c, 0x64, 0x60, 0xf0, 0x60, 0x60, 0x60, 0x60, 0xf0, 0x00, 0x00, 0x00, 0x00
   415 00000768 6060F000000000     
   416 0000076F 000000000076CCCCCC-     	db 0x00, 0x00, 0x00, 0x00, 0x00, 0x76, 0xcc, 0xcc, 0xcc, 0xcc, 0xcc, 0x7c, 0x0c, 0xcc, 0x78, 0x00
   417 00000778 CCCC7C0CCC7800     
   418 0000077F 0000E060606C766666-     	db 0x00, 0x00, 0xe0, 0x60, 0x60, 0x6c, 0x76, 0x66, 0x66, 0x66, 0x66, 0xe6, 0x00, 0x00, 0x00, 0x00
   419 00000788 6666E600000000     
   420 0000078F 000018180038181818-     	db 0x00, 0x00, 0x18, 0x18, 0x00, 0x38, 0x18, 0x18, 0x18, 0x18, 0x18, 0x3c, 0x00, 0x00, 0x00, 0x00
   421 00000798 18183C00000000     
   422 0000079F 00000606000E060606-     	db 0x00, 0x00, 0x06, 0x06, 0x00, 0x0e, 0x06, 0x06, 0x06, 0x06, 0x06, 0x06, 0x66, 0x66, 0x3c, 0x00
   423 000007A8 06060666663C00     
   424 000007AF 0000E06060666C7878-     	db 0x00, 0x00, 0xe0, 0x60, 0x60, 0x66, 0x6c, 0x78, 0x78, 0x6c, 0x66, 0xe6, 0x00, 0x00, 0x00, 0x00
   425 000007B8 6C66E600000000     
   426 000007BF 000038181818181818-     	db 0x00, 0x00, 0x38, 0x18, 0x18, 0x18, 0x18, 0x18, 0x18, 0x18, 0x18, 0x3c, 0x00, 0x00, 0x00, 0x00
   427 000007C8 18183C00000000     
   428 000007CF 0000000000E6FFDBDB-     	db 0x00, 0x00, 0x00, 0x00, 0x00, 0xe6, 0xff, 0xdb, 0xdb, 0xdb, 0xdb, 0xdb, 0x00, 0x00, 0x00, 0x00
   429 000007D8 DBDBDB00000000     
   430 000007DF 0000000000DC666666-     	db 0x00, 0x00, 0x00, 0x00, 0x00, 0xdc, 0x66, 0x66, 0x66, 0x66, 0x66, 0x66, 0x00, 0x00, 0x00, 0x00
   431 000007E8 66666600000000     
   432 000007EF 00000000007CC6C6C6-     	db 0x00, 0x00, 0x00, 0x00, 0x00, 0x7c, 0xc6, 0xc6, 0xc6, 0xc6, 0xc6, 0x7c, 0x00, 0x00, 0x00, 0x00
   433 000007F8 C6C67C00000000     
   434 000007FF 0000000000DC666666-     	db 0x00, 0x00, 0x00, 0x00, 0x00, 0xdc, 0x66, 0x66, 0x66, 0x66, 0x66, 0x7c, 0x60, 0x60, 0xf0, 0x00
   435 00000808 66667C6060F000     
   436 0000080F 000000000076CCCCCC-     	db 0x00, 0x00, 0x00, 0x00, 0x00, 0x76, 0xcc, 0xcc, 0xcc, 0xcc, 0xcc, 0x7c, 0x0c, 0x0c, 0x1e, 0x00
   437 00000818 CCCC7C0C0C1E00     
   438 0000081F 0000000000DC766660-     	db 0x00, 0x00, 0x00, 0x00, 0x00, 0xdc, 0x76, 0x66, 0x60, 0x60, 0x60, 0xf0, 0x00, 0x00, 0x00, 0x00
   439 00000828 6060F000000000     
   440 0000082F 00000000007CC66038-     	db 0x00, 0x00, 0x00, 0x00, 0x00, 0x7c, 0xc6, 0x60, 0x38, 0x0c, 0xc6, 0x7c, 0x00, 0x00, 0x00, 0x00
   441 00000838 0CC67C00000000     
   442 0000083F 0000103030FC303030-     	db 0x00, 0x00, 0x10, 0x30, 0x30, 0xfc, 0x30, 0x30, 0x30, 0x30, 0x36, 0x1c, 0x00, 0x00, 0x00, 0x00
   443 00000848 30361C00000000     
   444 0000084F 0000000000CCCCCCCC-     	db 0x00, 0x00, 0x00, 0x00, 0x00, 0xcc, 0xcc, 0xcc, 0xcc, 0xcc, 0xcc, 0x76, 0x00, 0x00, 0x00, 0x00
   445 00000858 CCCC7600000000     
   446 0000085F 0000000000C3C3C3C3-     	db 0x00, 0x00, 0x00, 0x00, 0x00, 0xc3, 0xc3, 0xc3, 0xc3, 0x66, 0x3c, 0x18, 0x00, 0x00, 0x00, 0x00
   447 00000868 663C1800000000     
   448 0000086F 0000000000C3C3C3DB-     	db 0x00, 0x00, 0x00, 0x00, 0x00, 0xc3, 0xc3, 0xc3, 0xdb, 0xdb, 0xff, 0x66, 0x00, 0x00, 0x00, 0x00
   449 00000878 DBFF6600000000     
   450 0000087F 0000000000C3663C18-     	db 0x00, 0x00, 0x00, 0x00, 0x00, 0xc3, 0x66, 0x3c, 0x18, 0x3c, 0x66, 0xc3, 0x00, 0x00, 0x00, 0x00
   451 00000888 3C66C300000000     
   452 0000088F 0000000000C6C6C6C6-     	db 0x00, 0x00, 0x00, 0x00, 0x00, 0xc6, 0xc6, 0xc6, 0xc6, 0xc6, 0xc6, 0x7e, 0x06, 0x0c, 0xf8, 0x00
   453 00000898 C6C67E060CF800     
   454 0000089F 0000000000FECC1830-     	db 0x00, 0x00, 0x00, 0x00, 0x00, 0xfe, 0xcc, 0x18, 0x30, 0x60, 0xc6, 0xfe, 0x00, 0x00, 0x00, 0x00
   455 000008A8 60C6FE00000000     
   456 000008AF 00000E181818701818-     	db 0x00, 0x00, 0x0e, 0x18, 0x18, 0x18, 0x70, 0x18, 0x18, 0x18, 0x18, 0x0e, 0x00, 0x00, 0x00, 0x00
   457 000008B8 18180E00000000     
   458 000008BF 000018181818001818-     	db 0x00, 0x00, 0x18, 0x18, 0x18, 0x18, 0x00, 0x18, 0x18, 0x18, 0x18, 0x18, 0x00, 0x00, 0x00, 0x00
   459 000008C8 18181800000000     
   460 000008CF 0000701818180E1818-     	db 0x00, 0x00, 0x70, 0x18, 0x18, 0x18, 0x0e, 0x18, 0x18, 0x18, 0x18, 0x70, 0x00, 0x00, 0x00, 0x00
   461 000008D8 18187000000000     
   462 000008DF 000076DC0000000000-     	db 0x00, 0x00, 0x76, 0xdc, 0x00, 0x00, 0x00, 0x00, 0x00, 0x00, 0x00, 0x00, 0x00, 0x00, 0x00, 0x00
   463 000008E8 00000000000000     
   464 000008EF 0000000010386CC6C6-     	db 0x00, 0x00, 0x00, 0x00, 0x10, 0x38, 0x6c, 0xc6, 0xc6, 0xc6, 0xfe, 0x00, 0x00, 0x00, 0x00, 0x00
   465 000008F8 C6FE0000000000     
   466 000008FF 00003C66C2C0C0C0C2-     	db 0x00, 0x00, 0x3c, 0x66, 0xc2, 0xc0, 0xc0, 0xc0, 0xc2, 0x66, 0x3c, 0x0c, 0x06, 0x7c, 0x00, 0x00
   467 00000908 663C0C067C0000     
   468 0000090F 0000CC0000CCCCCCCC-     	db 0x00, 0x00, 0xcc, 0x00, 0x00, 0xcc, 0xcc, 0xcc, 0xcc, 0xcc, 0xcc, 0x76, 0x00, 0x00, 0x00, 0x00
   469 00000918 CCCC7600000000     
   470 0000091F 000C1830007CC6FEC0-     	db 0x00, 0x0c, 0x18, 0x30, 0x00, 0x7c, 0xc6, 0xfe, 0xc0, 0xc0, 0xc6, 0x7c, 0x00, 0x00, 0x00, 0x00
   471 00000928 C0C67C00000000     
   472 0000092F 0010386C00780C7CCC-     	db 0x00, 0x10, 0x38, 0x6c, 0x00, 0x78, 0x0c, 0x7c, 0xcc, 0xcc, 0xcc, 0x76, 0x00, 0x00, 0x00, 0x00
   473 00000938 CCCC7600000000     
   474 0000093F 0000CC0000780C7CCC-     	db 0x00, 0x00, 0xcc, 0x00, 0x00, 0x78, 0x0c, 0x7c, 0xcc, 0xcc, 0xcc, 0x76, 0x00, 0x00, 0x00, 0x00
   475 00000948 CCCC7600000000     
   476 0000094F 0060301800780C7CCC-     	db 0x00, 0x60, 0x30, 0x18, 0x00, 0x78, 0x0c, 0x7c, 0xcc, 0xcc, 0xcc, 0x76, 0x00, 0x00, 0x00, 0x00
   477 00000958 CCCC7600000000     
   478 0000095F 00386C3800780C7CCC-     	db 0x00, 0x38, 0x6c, 0x38, 0x00, 0x78, 0x0c, 0x7c, 0xcc, 0xcc, 0xcc, 0x76, 0x00, 0x00, 0x00, 0x00
   479 00000968 CCCC7600000000     
   480 0000096F 000000003C66606066-     	db 0x00, 0x00, 0x00, 0x00, 0x3c, 0x66, 0x60, 0x60, 0x66, 0x3c, 0x0c, 0x06, 0x3c, 0x00, 0x00, 0x00
   481 00000978 3C0C063C000000     
   482 0000097F 0010386C007CC6FEC0-     	db 0x00, 0x10, 0x38, 0x6c, 0x00, 0x7c, 0xc6, 0xfe, 0xc0, 0xc0, 0xc6, 0x7c, 0x00, 0x00, 0x00, 0x00
   483 00000988 C0C67C00000000     
   484 0000098F 0000C600007CC6FEC0-     	db 0x00, 0x00, 0xc6, 0x00, 0x00, 0x7c, 0xc6, 0xfe, 0xc0, 0xc0, 0xc6, 0x7c, 0x00, 0x00, 0x00, 0x00
   485 00000998 C0C67C00000000     
   486 0000099F 00603018007CC6FEC0-     	db 0x00, 0x60, 0x30, 0x18, 0x00, 0x7c, 0xc6, 0xfe, 0xc0, 0xc0, 0xc6, 0x7c, 0x00, 0x00, 0x00, 0x00
   487 000009A8 C0C67C00000000     
   488 000009AF 000066000038181818-     	db 0x00, 0x00, 0x66, 0x00, 0x00, 0x38, 0x18, 0x18, 0x18, 0x18, 0x18, 0x3c, 0x00, 0x00, 0x00, 0x00
   489 000009B8 18183C00000000     
   490 000009BF 00183C660038181818-     	db 0x00, 0x18, 0x3c, 0x66, 0x00, 0x38, 0x18, 0x18, 0x18, 0x18, 0x18, 0x3c, 0x00, 0x00, 0x00, 0x00
   491 000009C8 18183C00000000     
   492 000009CF 006030180038181818-     	db 0x00, 0x60, 0x30, 0x18, 0x00, 0x38, 0x18, 0x18, 0x18, 0x18, 0x18, 0x3c, 0x00, 0x00, 0x00, 0x00
   493 000009D8 18183C00000000     
   494 000009DF 00C60010386CC6C6FE-     	db 0x00, 0xc6, 0x00, 0x10, 0x38, 0x6c, 0xc6, 0xc6, 0xfe, 0xc6, 0xc6, 0xc6, 0x00, 0x00, 0x00, 0x00
   495 000009E8 C6C6C600000000     
   496 000009EF 386C3800386CC6C6FE-     	db 0x38, 0x6c, 0x38, 0x00, 0x38, 0x6c, 0xc6, 0xc6, 0xfe, 0xc6, 0xc6, 0xc6, 0x00, 0x00, 0x00, 0x00
   497 000009F8 C6C6C600000000     
   498 000009FF 18306000FE66607C60-     	db 0x18, 0x30, 0x60, 0x00, 0xfe, 0x66, 0x60, 0x7c, 0x60, 0x60, 0x66, 0xfe, 0x00, 0x00, 0x00, 0x00
   499 00000A08 6066FE00000000     
   500 00000A0F 00000000006E3B1B7E-     	db 0x00, 0x00, 0x00, 0x00, 0x00, 0x6e, 0x3b, 0x1b, 0x7e, 0xd8, 0xdc, 0x77, 0x00, 0x00, 0x00, 0x00
   501 00000A18 D8DC7700000000     
   502 00000A1F 00003E6CCCCCFECCCC-     	db 0x00, 0x00, 0x3e, 0x6c, 0xcc, 0xcc, 0xfe, 0xcc, 0xcc, 0xcc, 0xcc, 0xce, 0x00, 0x00, 0x00, 0x00
   503 00000A28 CCCCCE00000000     
   504 00000A2F 0010386C007CC6C6C6-     	db 0x00, 0x10, 0x38, 0x6c, 0x00, 0x7c, 0xc6, 0xc6, 0xc6, 0xc6, 0xc6, 0x7c, 0x00, 0x00, 0x00, 0x00
   505 00000A38 C6C67C00000000     
   506 00000A3F 0000C600007CC6C6C6-     	db 0x00, 0x00, 0xc6, 0x00, 0x00, 0x7c, 0xc6, 0xc6, 0xc6, 0xc6, 0xc6, 0x7c, 0x00, 0x00, 0x00, 0x00
   507 00000A48 C6C67C00000000     
   508 00000A4F 00603018007CC6C6C6-     	db 0x00, 0x60, 0x30, 0x18, 0x00, 0x7c, 0xc6, 0xc6, 0xc6, 0xc6, 0xc6, 0x7c, 0x00, 0x00, 0x00, 0x00
   509 00000A58 C6C67C00000000     
   510 00000A5F 003078CC00CCCCCCCC-     	db 0x00, 0x30, 0x78, 0xcc, 0x00, 0xcc, 0xcc, 0xcc, 0xcc, 0xcc, 0xcc, 0x76, 0x00, 0x00, 0x00, 0x00
   511 00000A68 CCCC7600000000     
   512 00000A6F 0060301800CCCCCCCC-     	db 0x00, 0x60, 0x30, 0x18, 0x00, 0xcc, 0xcc, 0xcc, 0xcc, 0xcc, 0xcc, 0x76, 0x00, 0x00, 0x00, 0x00
   513 00000A78 CCCC7600000000     
   514 00000A7F 0000C60000C6C6C6C6-     	db 0x00, 0x00, 0xc6, 0x00, 0x00, 0xc6, 0xc6, 0xc6, 0xc6, 0xc6, 0xc6, 0x7e, 0x06, 0x0c, 0x78, 0x00
   515 00000A88 C6C67E060C7800     
   516 00000A8F 00C6007CC6C6C6C6C6-     	db 0x00, 0xc6, 0x00, 0x7c, 0xc6, 0xc6, 0xc6, 0xc6, 0xc6, 0xc6, 0xc6, 0x7c, 0x00, 0x00, 0x00, 0x00
   517 00000A98 C6C67C00000000     
   518 00000A9F 00C600C6C6C6C6C6C6-     	db 0x00, 0xc6, 0x00, 0xc6, 0xc6, 0xc6, 0xc6, 0xc6, 0xc6, 0xc6, 0xc6, 0x7c, 0x00, 0x00, 0x00, 0x00
   519 00000AA8 C6C67C00000000     
   520 00000AAF 0018187EC3C0C0C0C3-     	db 0x00, 0x18, 0x18, 0x7e, 0xc3, 0xc0, 0xc0, 0xc0, 0xc3, 0x7e, 0x18, 0x18, 0x00, 0x00, 0x00, 0x00
   521 00000AB8 7E181800000000     
   522 00000ABF 00386C6460F0606060-     	db 0x00, 0x38, 0x6c, 0x64, 0x60, 0xf0, 0x60, 0x60, 0x60, 0x60, 0xe6, 0xfc, 0x00, 0x00, 0x00, 0x00
   523 00000AC8 60E6FC00000000     
   524 00000ACF 0000C3663C18FF18FF-     	db 0x00, 0x00, 0xc3, 0x66, 0x3c, 0x18, 0xff, 0x18, 0xff, 0x18, 0x18, 0x18, 0x00, 0x00, 0x00, 0x00
   525 00000AD8 18181800000000     
   526 00000ADF 00FC66667C62666F66-     	db 0x00, 0xfc, 0x66, 0x66, 0x7c, 0x62, 0x66, 0x6f, 0x66, 0x66, 0x66, 0xf3, 0x00, 0x00, 0x00, 0x00
   527 00000AE8 6666F300000000     
   528 00000AEF 000E1B1818187E1818-     	db 0x00, 0x0e, 0x1b, 0x18, 0x18, 0x18, 0x7e, 0x18, 0x18, 0x18, 0x18, 0x18, 0xd8, 0x70, 0x00, 0x00
   529 00000AF8 181818D8700000     
   530 00000AFF 0018306000780C7CCC-     	db 0x00, 0x18, 0x30, 0x60, 0x00, 0x78, 0x0c, 0x7c, 0xcc, 0xcc, 0xcc, 0x76, 0x00, 0x00, 0x00, 0x00
   531 00000B08 CCCC7600000000     
   532 00000B0F 000C18300038181818-     	db 0x00, 0x0c, 0x18, 0x30, 0x00, 0x38, 0x18, 0x18, 0x18, 0x18, 0x18, 0x3c, 0x00, 0x00, 0x00, 0x00
   533 00000B18 18183C00000000     
   534 00000B1F 00183060007CC6C6C6-     	db 0x00, 0x18, 0x30, 0x60, 0x00, 0x7c, 0xc6, 0xc6, 0xc6, 0xc6, 0xc6, 0x7c, 0x00, 0x00, 0x00, 0x00
   535 00000B28 C6C67C00000000     
   536 00000B2F 0018306000CCCCCCCC-     	db 0x00, 0x18, 0x30, 0x60, 0x00, 0xcc, 0xcc, 0xcc, 0xcc, 0xcc, 0xcc, 0x76, 0x00, 0x00, 0x00, 0x00
   537 00000B38 CCCC7600000000     
   538 00000B3F 000076DC00DC666666-     	db 0x00, 0x00, 0x76, 0xdc, 0x00, 0xdc, 0x66, 0x66, 0x66, 0x66, 0x66, 0x66, 0x00, 0x00, 0x00, 0x00
   539 00000B48 66666600000000     
   540 00000B4F 76DC00C6E6F6FEDECE-     	db 0x76, 0xdc, 0x00, 0xc6, 0xe6, 0xf6, 0xfe, 0xde, 0xce, 0xc6, 0xc6, 0xc6, 0x00, 0x00, 0x00, 0x00
   541 00000B58 C6C6C600000000     
   542 00000B5F 003C6C6C3E007E0000-     	db 0x00, 0x3c, 0x6c, 0x6c, 0x3e, 0x00, 0x7e, 0x00, 0x00, 0x00, 0x00, 0x00, 0x00, 0x00, 0x00, 0x00
   543 00000B68 00000000000000     
   544 00000B6F 00386C6C38007C0000-     	db 0x00, 0x38, 0x6c, 0x6c, 0x38, 0x00, 0x7c, 0x00, 0x00, 0x00, 0x00, 0x00, 0x00, 0x00, 0x00, 0x00
   545 00000B78 00000000000000     
   546 00000B7F 0000303000303060C0-     	db 0x00, 0x00, 0x30, 0x30, 0x00, 0x30, 0x30, 0x60, 0xc0, 0xc6, 0xc6, 0x7c, 0x00, 0x00, 0x00, 0x00
   547 00000B88 C6C67C00000000     
   548 00000B8F 000000000000FEC0C0-     	db 0x00, 0x00, 0x00, 0x00, 0x00, 0x00, 0xfe, 0xc0, 0xc0, 0xc0, 0xc0, 0x00, 0x00, 0x00, 0x00, 0x00
   549 00000B98 C0C00000000000     
   550 00000B9F 000000000000FE0606-     	db 0x00, 0x00, 0x00, 0x00, 0x00, 0x00, 0xfe, 0x06, 0x06, 0x06, 0x06, 0x00, 0x00, 0x00, 0x00, 0x00
   551 00000BA8 06060000000000     
   552 00000BAF 00C0C0C2C6CC183060-     	db 0x00, 0xc0, 0xc0, 0xc2, 0xc6, 0xcc, 0x18, 0x30, 0x60, 0xce, 0x9b, 0x06, 0x0c, 0x1f, 0x00, 0x00
   553 00000BB8 CE9B060C1F0000     
   554 00000BBF 00C0C0C2C6CC183066-     	db 0x00, 0xc0, 0xc0, 0xc2, 0xc6, 0xcc, 0x18, 0x30, 0x66, 0xce, 0x96, 0x3e, 0x06, 0x06, 0x00, 0x00
   555 00000BC8 CE963E06060000     
   556 00000BCF 00001818001818183C-     	db 0x00, 0x00, 0x18, 0x18, 0x00, 0x18, 0x18, 0x18, 0x3c, 0x3c, 0x3c, 0x18, 0x00, 0x00, 0x00, 0x00
   557 00000BD8 3C3C1800000000     
   558 00000BDF 0000000000366CD86C-     	db 0x00, 0x00, 0x00, 0x00, 0x00, 0x36, 0x6c, 0xd8, 0x6c, 0x36, 0x00, 0x00, 0x00, 0x00, 0x00, 0x00
   559 00000BE8 36000000000000     
   560 00000BEF 0000000000D86C366C-     	db 0x00, 0x00, 0x00, 0x00, 0x00, 0xd8, 0x6c, 0x36, 0x6c, 0xd8, 0x00, 0x00, 0x00, 0x00, 0x00, 0x00
   561 00000BF8 D8000000000000     
   562 00000BFF 114411441144114411-     	db 0x11, 0x44, 0x11, 0x44, 0x11, 0x44, 0x11, 0x44, 0x11, 0x44, 0x11, 0x44, 0x11, 0x44, 0x11, 0x44
   563 00000C08 44114411441144     
   564 00000C0F 55AA55AA55AA55AA55-     	db 0x55, 0xaa, 0x55, 0xaa, 0x55, 0xaa, 0x55, 0xaa, 0x55, 0xaa, 0x55, 0xaa, 0x55, 0xaa, 0x55, 0xaa
   565 00000C18 AA55AA55AA55AA     
   566 00000C1F DD77DD77DD77DD77DD-     	db 0xdd, 0x77, 0xdd, 0x77, 0xdd, 0x77, 0xdd, 0x77, 0xdd, 0x77, 0xdd, 0x77, 0xdd, 0x77, 0xdd, 0x77
   567 00000C28 77DD77DD77DD77     
   568 00000C2F 181818181818181818-     	db 0x18, 0x18, 0x18, 0x18, 0x18, 0x18, 0x18, 0x18, 0x18, 0x18, 0x18, 0x18, 0x18, 0x18, 0x18, 0x18
   569 00000C38 18181818181818     
   570 00000C3F 18181818181818F818-     	db 0x18, 0x18, 0x18, 0x18, 0x18, 0x18, 0x18, 0xf8, 0x18, 0x18, 0x18, 0x18, 0x18, 0x18, 0x18, 0x18
   571 00000C48 18181818181818     
   572 00000C4F 1818181818F818F818-     	db 0x18, 0x18, 0x18, 0x18, 0x18, 0xf8, 0x18, 0xf8, 0x18, 0x18, 0x18, 0x18, 0x18, 0x18, 0x18, 0x18
   573 00000C58 18181818181818     
   574 00000C5F 36363636363636F636-     	db 0x36, 0x36, 0x36, 0x36, 0x36, 0x36, 0x36, 0xf6, 0x36, 0x36, 0x36, 0x36, 0x36, 0x36, 0x36, 0x36
   575 00000C68 36363636363636     
   576 00000C6F 00000000000000FE36-     	db 0x00, 0x00, 0x00, 0x00, 0x00, 0x00, 0x00, 0xfe, 0x36, 0x36, 0x36, 0x36, 0x36, 0x36, 0x36, 0x36
   577 00000C78 36363636363636     
   578 00000C7F 0000000000F818F818-     	db 0x00, 0x00, 0x00, 0x00, 0x00, 0xf8, 0x18, 0xf8, 0x18, 0x18, 0x18, 0x18, 0x18, 0x18, 0x18, 0x18
   579 00000C88 18181818181818     
   580 00000C8F 3636363636F606F636-     	db 0x36, 0x36, 0x36, 0x36, 0x36, 0xf6, 0x06, 0xf6, 0x36, 0x36, 0x36, 0x36, 0x36, 0x36, 0x36, 0x36
   581 00000C98 36363636363636     
   582 00000C9F 363636363636363636-     	db 0x36, 0x36, 0x36, 0x36, 0x36, 0x36, 0x36, 0x36, 0x36, 0x36, 0x36, 0x36, 0x36, 0x36, 0x36, 0x36
   583 00000CA8 36363636363636     
   584 00000CAF 0000000000FE06F636-     	db 0x00, 0x00, 0x00, 0x00, 0x00, 0xfe, 0x06, 0xf6, 0x36, 0x36, 0x36, 0x36, 0x36, 0x36, 0x36, 0x36
   585 00000CB8 36363636363636     
   586 00000CBF 3636363636F606FE00-     	db 0x36, 0x36, 0x36, 0x36, 0x36, 0xf6, 0x06, 0xfe, 0x00, 0x00, 0x00, 0x00, 0x00, 0x00, 0x00, 0x00
   587 00000CC8 00000000000000     
   588 00000CCF 36363636363636FE00-     	db 0x36, 0x36, 0x36, 0x36, 0x36, 0x36, 0x36, 0xfe, 0x00, 0x00, 0x00, 0x00, 0x00, 0x00, 0x00, 0x00
   589 00000CD8 00000000000000     
   590 00000CDF 1818181818F818F800-     	db 0x18, 0x18, 0x18, 0x18, 0x18, 0xf8, 0x18, 0xf8, 0x00, 0x00, 0x00, 0x00, 0x00, 0x00, 0x00, 0x00
   591 00000CE8 00000000000000     
   592 00000CEF 00000000000000F818-     	db 0x00, 0x00, 0x00, 0x00, 0x00, 0x00, 0x00, 0xf8, 0x18, 0x18, 0x18, 0x18, 0x18, 0x18, 0x18, 0x18
   593 00000CF8 18181818181818     
   594 00000CFF 181818181818181F00-     	db 0x18, 0x18, 0x18, 0x18, 0x18, 0x18, 0x18, 0x1f, 0x00, 0x00, 0x00, 0x00, 0x00, 0x00, 0x00, 0x00
   595 00000D08 00000000000000     
   596 00000D0F 18181818181818FF00-     	db 0x18, 0x18, 0x18, 0x18, 0x18, 0x18, 0x18, 0xff, 0x00, 0x00, 0x00, 0x00, 0x00, 0x00, 0x00, 0x00
   597 00000D18 00000000000000     
   598 00000D1F 00000000000000FF18-     	db 0x00, 0x00, 0x00, 0x00, 0x00, 0x00, 0x00, 0xff, 0x18, 0x18, 0x18, 0x18, 0x18, 0x18, 0x18, 0x18
   599 00000D28 18181818181818     
   600 00000D2F 181818181818181F18-     	db 0x18, 0x18, 0x18, 0x18, 0x18, 0x18, 0x18, 0x1f, 0x18, 0x18, 0x18, 0x18, 0x18, 0x18, 0x18, 0x18
   601 00000D38 18181818181818     
   602 00000D3F 00000000000000FF00-     	db 0x00, 0x00, 0x00, 0x00, 0x00, 0x00, 0x00, 0xff, 0x00, 0x00, 0x00, 0x00, 0x00, 0x00, 0x00, 0x00
   603 00000D48 00000000000000     
   604 00000D4F 18181818181818FF18-     	db 0x18, 0x18, 0x18, 0x18, 0x18, 0x18, 0x18, 0xff, 0x18, 0x18, 0x18, 0x18, 0x18, 0x18, 0x18, 0x18
   605 00000D58 18181818181818     
   606 00000D5F 18181818181F181F18-     	db 0x18, 0x18, 0x18, 0x18, 0x18, 0x1f, 0x18, 0x1f, 0x18, 0x18, 0x18, 0x18, 0x18, 0x18, 0x18, 0x18
   607 00000D68 18181818181818     
   608 00000D6F 363636363636363736-     	db 0x36, 0x36, 0x36, 0x36, 0x36, 0x36, 0x36, 0x37, 0x36, 0x36, 0x36, 0x36, 0x36, 0x36, 0x36, 0x36
   609 00000D78 36363636363636     
   610 00000D7F 363636363637303F00-     	db 0x36, 0x36, 0x36, 0x36, 0x36, 0x37, 0x30, 0x3f, 0x00, 0x00, 0x00, 0x00, 0x00, 0x00, 0x00, 0x00
   611 00000D88 00000000000000     
   612 00000D8F 00000000003F303736-     	db 0x00, 0x00, 0x00, 0x00, 0x00, 0x3f, 0x30, 0x37, 0x36, 0x36, 0x36, 0x36, 0x36, 0x36, 0x36, 0x36
   613 00000D98 36363636363636     
   614 00000D9F 3636363636F700FF00-     	db 0x36, 0x36, 0x36, 0x36, 0x36, 0xf7, 0x00, 0xff, 0x00, 0x00, 0x00, 0x00, 0x00, 0x00, 0x00, 0x00
   615 00000DA8 00000000000000     
   616 00000DAF 0000000000FF00F736-     	db 0x00, 0x00, 0x00, 0x00, 0x00, 0xff, 0x00, 0xf7, 0x36, 0x36, 0x36, 0x36, 0x36, 0x36, 0x36, 0x36
   617 00000DB8 36363636363636     
   618 00000DBF 363636363637303736-     	db 0x36, 0x36, 0x36, 0x36, 0x36, 0x37, 0x30, 0x37, 0x36, 0x36, 0x36, 0x36, 0x36, 0x36, 0x36, 0x36
   619 00000DC8 36363636363636     
   620 00000DCF 0000000000FF00FF00-     	db 0x00, 0x00, 0x00, 0x00, 0x00, 0xff, 0x00, 0xff, 0x00, 0x00, 0x00, 0x00, 0x00, 0x00, 0x00, 0x00
   621 00000DD8 00000000000000     
   622 00000DDF 3636363636F700F736-     	db 0x36, 0x36, 0x36, 0x36, 0x36, 0xf7, 0x00, 0xf7, 0x36, 0x36, 0x36, 0x36, 0x36, 0x36, 0x36, 0x36
   623 00000DE8 36363636363636     
   624 00000DEF 1818181818FF00FF00-     	db 0x18, 0x18, 0x18, 0x18, 0x18, 0xff, 0x00, 0xff, 0x00, 0x00, 0x00, 0x00, 0x00, 0x00, 0x00, 0x00
   625 00000DF8 00000000000000     
   626 00000DFF 36363636363636FF00-     	db 0x36, 0x36, 0x36, 0x36, 0x36, 0x36, 0x36, 0xff, 0x00, 0x00, 0x00, 0x00, 0x00, 0x00, 0x00, 0x00
   627 00000E08 00000000000000     
   628 00000E0F 0000000000FF00FF18-     	db 0x00, 0x00, 0x00, 0x00, 0x00, 0xff, 0x00, 0xff, 0x18, 0x18, 0x18, 0x18, 0x18, 0x18, 0x18, 0x18
   629 00000E18 18181818181818     
   630 00000E1F 00000000000000FF36-     	db 0x00, 0x00, 0x00, 0x00, 0x00, 0x00, 0x00, 0xff, 0x36, 0x36, 0x36, 0x36, 0x36, 0x36, 0x36, 0x36
   631 00000E28 36363636363636     
   632 00000E2F 363636363636363F00-     	db 0x36, 0x36, 0x36, 0x36, 0x36, 0x36, 0x36, 0x3f, 0x00, 0x00, 0x00, 0x00, 0x00, 0x00, 0x00, 0x00
   633 00000E38 00000000000000     
   634 00000E3F 18181818181F181F00-     	db 0x18, 0x18, 0x18, 0x18, 0x18, 0x1f, 0x18, 0x1f, 0x00, 0x00, 0x00, 0x00, 0x00, 0x00, 0x00, 0x00
   635 00000E48 00000000000000     
   636 00000E4F 00000000001F181F18-     	db 0x00, 0x00, 0x00, 0x00, 0x00, 0x1f, 0x18, 0x1f, 0x18, 0x18, 0x18, 0x18, 0x18, 0x18, 0x18, 0x18
   637 00000E58 18181818181818     
   638 00000E5F 000000000000003F36-     	db 0x00, 0x00, 0x00, 0x00, 0x00, 0x00, 0x00, 0x3f, 0x36, 0x36, 0x36, 0x36, 0x36, 0x36, 0x36, 0x36
   639 00000E68 36363636363636     
   640 00000E6F 36363636363636FF36-     	db 0x36, 0x36, 0x36, 0x36, 0x36, 0x36, 0x36, 0xff, 0x36, 0x36, 0x36, 0x36, 0x36, 0x36, 0x36, 0x36
   641 00000E78 36363636363636     
   642 00000E7F 1818181818FF18FF18-     	db 0x18, 0x18, 0x18, 0x18, 0x18, 0xff, 0x18, 0xff, 0x18, 0x18, 0x18, 0x18, 0x18, 0x18, 0x18, 0x18
   643 00000E88 18181818181818     
   644 00000E8F 18181818181818F800-     	db 0x18, 0x18, 0x18, 0x18, 0x18, 0x18, 0x18, 0xf8, 0x00, 0x00, 0x00, 0x00, 0x00, 0x00, 0x00, 0x00
   645 00000E98 00000000000000     
   646 00000E9F 000000000000001F18-     	db 0x00, 0x00, 0x00, 0x00, 0x00, 0x00, 0x00, 0x1f, 0x18, 0x18, 0x18, 0x18, 0x18, 0x18, 0x18, 0x18
   647 00000EA8 18181818181818     
   648 00000EAF FFFFFFFFFFFFFFFFFF-     	db 0xff, 0xff, 0xff, 0xff, 0xff, 0xff, 0xff, 0xff, 0xff, 0xff, 0xff, 0xff, 0xff, 0xff, 0xff, 0xff
   649 00000EB8 FFFFFFFFFFFFFF     
   650 00000EBF 00000000000000FFFF-     	db 0x00, 0x00, 0x00, 0x00, 0x00, 0x00, 0x00, 0xff, 0xff, 0xff, 0xff, 0xff, 0xff, 0xff, 0xff, 0xff
   651 00000EC8 FFFFFFFFFFFFFF     
   652 00000ECF F0F0F0F0F0F0F0F0F0-     	db 0xf0, 0xf0, 0xf0, 0xf0, 0xf0, 0xf0, 0xf0, 0xf0, 0xf0, 0xf0, 0xf0, 0xf0, 0xf0, 0xf0, 0xf0, 0xf0
   653 00000ED8 F0F0F0F0F0F0F0     
   654 00000EDF 0F0F0F0F0F0F0F0F0F-     	db 0x0f, 0x0f, 0x0f, 0x0f, 0x0f, 0x0f, 0x0f, 0x0f, 0x0f, 0x0f, 0x0f, 0x0f, 0x0f, 0x0f, 0x0f, 0x0f
   655 00000EE8 0F0F0F0F0F0F0F     
   656 00000EEF FFFFFFFFFFFFFF0000-     	db 0xff, 0xff, 0xff, 0xff, 0xff, 0xff, 0xff, 0x00, 0x00, 0x00, 0x00, 0x00, 0x00, 0x00, 0x00, 0x00
   657 00000EF8 00000000000000     
   658 00000EFF 000000000076DCD8D8-     	db 0x00, 0x00, 0x00, 0x00, 0x00, 0x76, 0xdc, 0xd8, 0xd8, 0xd8, 0xdc, 0x76, 0x00, 0x00, 0x00, 0x00
   659 00000F08 D8DC7600000000     
   660 00000F0F 000078CCCCCCD8CCC6-     	db 0x00, 0x00, 0x78, 0xcc, 0xcc, 0xcc, 0xd8, 0xcc, 0xc6, 0xc6, 0xc6, 0xcc, 0x00, 0x00, 0x00, 0x00
   661 00000F18 C6C6CC00000000     
   662 00000F1F 0000FEC6C6C0C0C0C0-     	db 0x00, 0x00, 0xfe, 0xc6, 0xc6, 0xc0, 0xc0, 0xc0, 0xc0, 0xc0, 0xc0, 0xc0, 0x00, 0x00, 0x00, 0x00
   663 00000F28 C0C0C000000000     
   664 00000F2F 00000000FE6C6C6C6C-     	db 0x00, 0x00, 0x00, 0x00, 0xfe, 0x6c, 0x6c, 0x6c, 0x6c, 0x6c, 0x6c, 0x6c, 0x00, 0x00, 0x00, 0x00
   665 00000F38 6C6C6C00000000     
   666 00000F3F 000000FEC660301830-     	db 0x00, 0x00, 0x00, 0xfe, 0xc6, 0x60, 0x30, 0x18, 0x30, 0x60, 0xc6, 0xfe, 0x00, 0x00, 0x00, 0x00
   667 00000F48 60C6FE00000000     
   668 00000F4F 00000000007ED8D8D8-     	db 0x00, 0x00, 0x00, 0x00, 0x00, 0x7e, 0xd8, 0xd8, 0xd8, 0xd8, 0xd8, 0x70, 0x00, 0x00, 0x00, 0x00
   669 00000F58 D8D87000000000     
   670 00000F5F 000000006666666666-     	db 0x00, 0x00, 0x00, 0x00, 0x66, 0x66, 0x66, 0x66, 0x66, 0x7c, 0x60, 0x60, 0xc0, 0x00, 0x00, 0x00
   671 00000F68 7C6060C0000000     
   672 00000F6F 0000000076DC181818-     	db 0x00, 0x00, 0x00, 0x00, 0x76, 0xdc, 0x18, 0x18, 0x18, 0x18, 0x18, 0x18, 0x00, 0x00, 0x00, 0x00
   673 00000F78 18181800000000     
   674 00000F7F 0000007E183C666666-     	db 0x00, 0x00, 0x00, 0x7e, 0x18, 0x3c, 0x66, 0x66, 0x66, 0x3c, 0x18, 0x7e, 0x00, 0x00, 0x00, 0x00
   675 00000F88 3C187E00000000     
   676 00000F8F 000000386CC6C6FEC6-     	db 0x00, 0x00, 0x00, 0x38, 0x6c, 0xc6, 0xc6, 0xfe, 0xc6, 0xc6, 0x6c, 0x38, 0x00, 0x00, 0x00, 0x00
   677 00000F98 C66C3800000000     
   678 00000F9F 0000386CC6C6C66C6C-     	db 0x00, 0x00, 0x38, 0x6c, 0xc6, 0xc6, 0xc6, 0x6c, 0x6c, 0x6c, 0x6c, 0xee, 0x00, 0x00, 0x00, 0x00
   679 00000FA8 6C6CEE00000000     
   680 00000FAF 00001E30180C3E6666-     	db 0x00, 0x00, 0x1e, 0x30, 0x18, 0x0c, 0x3e, 0x66, 0x66, 0x66, 0x66, 0x3c, 0x00, 0x00, 0x00, 0x00
   681 00000FB8 66663C00000000     
   682 00000FBF 00000000007EDBDBDB-     	db 0x00, 0x00, 0x00, 0x00, 0x00, 0x7e, 0xdb, 0xdb, 0xdb, 0x7e, 0x00, 0x00, 0x00, 0x00, 0x00, 0x00
   683 00000FC8 7E000000000000     
   684 00000FCF 00000003067EDBDBF3-     	db 0x00, 0x00, 0x00, 0x03, 0x06, 0x7e, 0xdb, 0xdb, 0xf3, 0x7e, 0x60, 0xc0, 0x00, 0x00, 0x00, 0x00
   685 00000FD8 7E60C000000000     
   686 00000FDF 00001C3060607C6060-     	db 0x00, 0x00, 0x1c, 0x30, 0x60, 0x60, 0x7c, 0x60, 0x60, 0x60, 0x30, 0x1c, 0x00, 0x00, 0x00, 0x00
   687 00000FE8 60301C00000000     
   688 00000FEF 0000007CC6C6C6C6C6-     	db 0x00, 0x00, 0x00, 0x7c, 0xc6, 0xc6, 0xc6, 0xc6, 0xc6, 0xc6, 0xc6, 0xc6, 0x00, 0x00, 0x00, 0x00
   689 00000FF8 C6C6C600000000     
   690 00000FFF 00000000FE0000FE00-     	db 0x00, 0x00, 0x00, 0x00, 0xfe, 0x00, 0x00, 0xfe, 0x00, 0x00, 0xfe, 0x00, 0x00, 0x00, 0x00, 0x00
   691 00001008 00FE0000000000     
   692 0000100F 0000000018187E1818-     	db 0x00, 0x00, 0x00, 0x00, 0x18, 0x18, 0x7e, 0x18, 0x18, 0x00, 0x00, 0xff, 0x00, 0x00, 0x00, 0x00
   693 00001018 0000FF00000000     
   694 0000101F 00000030180C060C18-     	db 0x00, 0x00, 0x00, 0x30, 0x18, 0x0c, 0x06, 0x0c, 0x18, 0x30, 0x00, 0x7e, 0x00, 0x00, 0x00, 0x00
   695 00001028 30007E00000000     
   696 0000102F 0000000C1830603018-     	db 0x00, 0x00, 0x00, 0x0c, 0x18, 0x30, 0x60, 0x30, 0x18, 0x0c, 0x00, 0x7e, 0x00, 0x00, 0x00, 0x00
   697 00001038 0C007E00000000     
   698 0000103F 00000E1B1B18181818-     	db 0x00, 0x00, 0x0e, 0x1b, 0x1b, 0x18, 0x18, 0x18, 0x18, 0x18, 0x18, 0x18, 0x18, 0x18, 0x18, 0x18
   699 00001048 18181818181818     
   700 0000104F 1818181818181818D8-     	db 0x18, 0x18, 0x18, 0x18, 0x18, 0x18, 0x18, 0x18, 0xd8, 0xd8, 0xd8, 0x70, 0x00, 0x00, 0x00, 0x00
   701 00001058 D8D87000000000     
   702 0000105F 000000001818007E00-     	db 0x00, 0x00, 0x00, 0x00, 0x18, 0x18, 0x00, 0x7e, 0x00, 0x18, 0x18, 0x00, 0x00, 0x00, 0x00, 0x00
   703 00001068 18180000000000     
   704 0000106F 000000000076DC0076-     	db 0x00, 0x00, 0x00, 0x00, 0x00, 0x76, 0xdc, 0x00, 0x76, 0xdc, 0x00, 0x00, 0x00, 0x00, 0x00, 0x00
   705 00001078 DC000000000000     
   706 0000107F 00386C6C3800000000-     	db 0x00, 0x38, 0x6c, 0x6c, 0x38, 0x00, 0x00, 0x00, 0x00, 0x00, 0x00, 0x00, 0x00, 0x00, 0x00, 0x00
   707 00001088 00000000000000     
   708 0000108F 000000000000001818-     	db 0x00, 0x00, 0x00, 0x00, 0x00, 0x00, 0x00, 0x18, 0x18, 0x00, 0x00, 0x00, 0x00, 0x00, 0x00, 0x00
   709 00001098 00000000000000     
   710 0000109F 000000000000000018-     	db 0x00, 0x00, 0x00, 0x00, 0x00, 0x00, 0x00, 0x00, 0x18, 0x00, 0x00, 0x00, 0x00, 0x00, 0x00, 0x00
   711 000010A8 00000000000000     
   712 000010AF 000F0C0C0C0C0CEC6C-     	db 0x00, 0x0f, 0x0c, 0x0c, 0x0c, 0x0c, 0x0c, 0xec, 0x6c, 0x6c, 0x3c, 0x1c, 0x00, 0x00, 0x00, 0x00
   713 000010B8 6C3C1C00000000     
   714 000010BF 00D86C6C6C6C6C0000-     	db 0x00, 0xd8, 0x6c, 0x6c, 0x6c, 0x6c, 0x6c, 0x00, 0x00, 0x00, 0x00, 0x00, 0x00, 0x00, 0x00, 0x00
   715 000010C8 00000000000000     
   716 000010CF 0070D83060C8F80000-     	db 0x00, 0x70, 0xd8, 0x30, 0x60, 0xc8, 0xf8, 0x00, 0x00, 0x00, 0x00, 0x00, 0x00, 0x00, 0x00, 0x00
   717 000010D8 00000000000000     
   718 000010DF 000000007C7C7C7C7C-     	db 0x00, 0x00, 0x00, 0x00, 0x7c, 0x7c, 0x7c, 0x7c, 0x7c, 0x7c, 0x7c, 0x00, 0x00, 0x00, 0x00, 0x00
   719 000010E8 7C7C0000000000     
   720 000010EF 000000000000000000-     	db 0x00, 0x00, 0x00, 0x00, 0x00, 0x00, 0x00, 0x00, 0x00, 0x00, 0x00, 0x00, 0x00, 0x00, 0x00, 0x00
   721 000010F8 00000000000000     
   722                                  
   723                                  ;--------------------------------------------------------------------------------
   724                                  ; Punto de entrada
   725                                  ;--------------------------------------------------------------------------------
   726                                  bios_init:
   727                                  	;xchg	bx, bx				; Magic breakpoint
   728                                  
   729                                  ; Recorrer bus PCI. Bochs solo soporta bus cero ya que no tiene "PCI to PCI bridge".
   730                                  ; Cada bus tiene hasta 32 dispositivos.
   731                                  ; Si el dispositivo es compuesto puede tener hasta 8 funciones.
   732                                  ; Formato puerto 0x0CF8:
   733                                  ; Bit 31 = Siempre a "1"
   734                                  ; Bits 30-24 = Reservado (siempre a "0")
   735                                  ; Bits 23-16 = Número de bus (0 en nuestra aplicación)
   736                                  ; Bits 15-11 = Número de dispositivo (0-31)
   737                                  ; Bits 10-8 = Número de función (0-7)
   738                                  ; Bits 7-2 = Número de registro
   739                                  ; Bits 1-0: Siempre cero.
   740                                  
   741                                  recorrer_bus_pci:
   742 000010FF 66BD00400000            	mov 	ebp, 0x4000     	; Primera dirección de entrada/salida para PCI.
   743 00001105 66BF000000C0            	mov 	edi, 0xC0000000 	; Primera dirección a asignar a dispositivos PCI.
   744 0000110B 66BE00000080            	mov 	esi, 0x80000000 	; Bus 0, dispositivo 0, función 0.
   745                                  
   746                                  ciclo_recorrer_bus_pci:
   747 00001111 6681FE00000180          	cmp 	esi, 0x80010000 	; Verificar si se recorrió todo el bus 0.
   748 00001118 0F843001                	jz 		fin_recorrido_pci
   749                                  								; Leer registro 0: Bits 31-16: device ID,
   750                                  leer_registro_pci 0        		; Bits 15-0: vendor ID.
   751 0000111C 66B800000000        <1>  mov eax, %1
   752 00001122 6609F0              <1>  or eax, esi
   753 00001125 BAF80C              <1>  mov dx, 0x0CF8
   754 00001128 66EF                <1>  out dx, eax
   755 0000112A BAFC0C              <1>  mov dx, 0x0CFC
   756 0000112D 66ED                <1>  in eax, dx
   757 0000112F 83F8FF                  	cmp 	ax, 0xFFFF      	; Vendor ID 0xFFFF no existe.
   758 00001132 7509                    	jnz 	dispositivo_hallado
   759 00001134 6681C600080000          	add 	esi,0x0800     		; Ir al siguiente dispositivo
   760 0000113B EBD4                    	jmp 	ciclo_recorrer_bus_pci
   761                                  
   762                                  dispositivo_hallado:			; Leer registro 0x0C: Bit 23: multiple function bit
   763                                  	leer_registro_pci 0x0C
   764 0000113D 66B80C000000        <1>  mov eax, %1
   765 00001143 6609F0              <1>  or eax, esi
   766 00001146 BAF80C              <1>  mov dx, 0x0CF8
   767 00001149 66EF                <1>  out dx, eax
   768 0000114B BAFC0C              <1>  mov dx, 0x0CFC
   769 0000114E 66ED                <1>  in eax, dx
   770 00001150 B508                    	mov 	ch, 8       	    ; Cantidad de funciones a procesar.
   771 00001152 660FBAE017              	bt 		eax, 23
   772 00001157 7202                    	jc 		procesar_funcion
   773 00001159 B501                    	mov 	ch, 1
   774                                  	
   775                                  procesar_funcion:				; Leer registro 0: Bits 31-16: device ID,
   776                                  	leer_registro_pci 0      	; Bits 15-0: vendor ID.
   777 0000115B 66B800000000        <1>  mov eax, %1
   778 00001161 6609F0              <1>  or eax, esi
   779 00001164 BAF80C              <1>  mov dx, 0x0CF8
   780 00001167 66EF                <1>  out dx, eax
   781 00001169 BAFC0C              <1>  mov dx, 0x0CFC
   782 0000116C 66ED                <1>  in eax, dx
   783 0000116E 83F8FF                  	cmp  	ax, 0xFFFF    		; Vendor ID 0xFFFF no existe.
   784 00001171 7523                    	jnz 	funcion_hallada   
   785                                  
   786                                  ir_a_siguiente_funcion:
   787 00001173 6681C600010000          	add 	esi, 0x0100    		; Ir a la siguiente función
   788 0000117A FECD                    	dec 	ch
   789 0000117C 75DD                    	jnz 	procesar_funcion
   790 0000117E 6681EE00010000          	sub 	esi, 0x0100     	; Ir al siguiente dispositivo
   791 00001185 6681CE00070000          	or		esi, 0x0700
   792 0000118C 6681C600010000          	add 	esi, 0x0100
   793 00001193 E97BFF                  	jmp 	ciclo_recorrer_bus_pci
   794                                  
   795                                  funcion_hallada:				; Leer registro 0x0C: Bits 22-16: header type
   796                                  	leer_registro_pci 0x0C
   797 00001196 66B80C000000        <1>  mov eax, %1
   798 0000119C 6609F0              <1>  or eax, esi
   799 0000119F BAF80C              <1>  mov dx, 0x0CF8
   800 000011A2 66EF                <1>  out dx, eax
   801 000011A4 BAFC0C              <1>  mov dx, 0x0CFC
   802 000011A7 66ED                <1>  in eax, dx
   803 000011A9 66A900007F00            	test 	eax,0x007F0000 		; Solo soportamos header type cero.
   804 000011AF 75C2                    	jnz 	ir_a_siguiente_funcion
   805                                  	leer_registro_pci 0x08		; Leer clase y subclase.
   806 000011B1 66B808000000        <1>  mov eax, %1
   807 000011B7 6609F0              <1>  or eax, esi
   808 000011BA BAF80C              <1>  mov dx, 0x0CF8
   809 000011BD 66EF                <1>  out dx, eax
   810 000011BF BAFC0C              <1>  mov dx, 0x0CFC
   811 000011C2 66ED                <1>  in eax, dx
   812 000011C4 B110                    	mov 	cl, 0x10         	; Apuntar al primer Base Address Register (BAR)
   813                                  
   814                                  ciclo_llenar_BAR:
   815 000011C6 660FB6C1                	movzx 	eax, cl
   816 000011CA 6609F0                  	or 		eax, esi 
   817 000011CD BAF80C                  	mov		dx, 0x0CF8
   818 000011D0 66EF                    	out		dx, eax
   819 000011D2 66B8FFFFFFFF            	mov 	eax, 0xFFFFFFFF  	; Escribir 0xFFFFFFFF en el BAR
   820 000011D8 BAFC0C                  	mov 	dx, 0x0CFC  
   821 000011DB 66EF                    	out 	dx, eax
   822 000011DD 660FB6C1                	movzx 	eax, cl
   823                                  	leer_registro_pci eax 		; Leerlo.
   824 000011E1 6689C0              <1>  mov eax, %1
   825 000011E4 6609F0              <1>  or eax, esi
   826 000011E7 BAF80C              <1>  mov dx, 0x0CF8
   827 000011EA 66EF                <1>  out dx, eax
   828 000011EC BAFC0C              <1>  mov dx, 0x0CFC
   829 000011EF 66ED                <1>  in eax, dx
   830 000011F1 A801                    	test 	al, 1           	; Ver si el dispositivo está mapeado en memoria.
   831 000011F3 741E                    	jz 		mapeado_en_memoria
   832 000011F5 83E0FC                  	and  	ax, 0xFFFC       	; Eliminar los dos bits que no se usan para ports.
   833 000011F8 7445                    	jz 		ajustar_siguiente_BAR  ; El dispositivo no usa este BAR.
   834 000011FA 66F7D0                  	not 	eax             	; Convertir en cantidad de bytes que se usa - 1.
   835 000011FD 6689C3                  	mov 	ebx, eax
   836 00001200 4D                      	dec 	bp              	; Poner BP en dirección múltiplo de la cantidad
   837 00001201 09C5                    	or 		bp, ax            	; de bytes que usa esta función.
   838 00001203 45                      	inc 	bp
   839 00001204 660FB6C1                	movzx 	eax, cl
   840 00001208 6609F0                  	or 		eax, esi 
   841 0000120B BAF80C                  	mov 	dx, 0x0CF8
   842 0000120E 6689E8                  	mov 	eax, ebp
   843 00001211 EB22                    	jmp 	ajustar_BAR
   844                                  
   845                                  mapeado_en_memoria:
   846 00001213 6683E0F0                	and 	eax, 0xFFFFFFF0  	; Eliminar los 4 bits que no se usan para puntero.
   847 00001217 7426                    	jz 		ajustar_siguiente_BAR  ; El dispositivo no usa este BAR.
   848 00001219 66F7D0                  	not 	eax             	; Convertir en cantidad de bytes que se usa - 1.
   849 0000121C 6689C3                  	mov 	ebx, eax
   850 0000121F 664F                    	dec 	edi             	; Poner EDI en dirección múltiplo de la cantidad
   851 00001221 6609C7                  	or 		edi, eax          	; de bytes que usa esta función.
   852 00001224 6647                    	inc 	edi
   853 00001226 660FB6C1                	movzx 	eax, cl
   854 0000122A 6609F0                  	or 		eax, esi 
   855 0000122D BAF80C                  	mov 	dx, 0x0CF8
   856 00001230 66EF                    	out 	dx, eax
   857 00001232 6689F8                  	mov 	eax, edi
   858                                  
   859                                  ajustar_BAR:
   860 00001235 BAFC0C                  	mov 	dx, 0x0CFC  
   861 00001238 66EF                    	out 	dx, eax
   862 0000123A 6601DD                  	add 	ebp, ebx         	; Apuntar a puerto después de esta función.
   863 0000123D 6645                    	inc 	ebp
   864                                  
   865                                  ajustar_siguiente_BAR:
   866 0000123F 80C104                  	add 	cl, 4          	  	; Apuntar al siguiente BAR.
   867 00001242 80F928                  	cmp 	cl, 0x28         	; Todos los BAR listos?
   868 00001245 0F857DFF                	jnz 	ciclo_llenar_BAR
   869 00001249 E927FF                  	jmp 	ir_a_siguiente_funcion
   870                                  fin_recorrido_pci:
   871                                   
   872                                  ;--------------------------------------------------------------------------------
   873                                  ; Inicializar pantalla con texto
   874                                  ;--------------------------------------------------------------------------------
   875                                  habilitar_modo_texto:
   876                                  ; Set MISC regs
   877 0000124C BAC203                  	mov 	dx, 0x3C2  			; VGA_MISC_ADDR
   878 0000124F B067                    	mov 	al, 0x67
   879 00001251 EE                      	out 	dx, al
   880 00001252 BADA03                  	mov 	dx, 0x3DA  			; VGA_STATUS_ADDR
   881 00001255 B000                    	mov 	al, 0
   882 00001257 EE                      	out 	dx, al
   883                                  ; Send SEQ regs
   884 00001258 FC                      	cld
   885 00001259 B100                    	mov 	cl, 0
   886 0000125B BE[0300]                	mov 	si, seq_regs_data
   887                                  
   888                                  seq_regs_loop:
   889 0000125E BAC403                  	mov dx, 0x3C4  				; Puerto del secuenciador VGA (índice)
   890 00001261 88C8                    	mov al, cl
   891 00001263 EE                      	out dx, al
   892                                  
   893 00001264 42                      	inc 	dx         			; Puerto del secuenciador VGA (datos)
   894 00001265 2EAC                    	cs 	lodsb       			; Leer dato a escribit en puerto.
   895 00001267 EE                      	out 	dx, al     			; Escribir en controlador VGA.
   896                                  
   897                                  ; continue loop
   898 00001268 FEC1                    	inc 	cl         			; Siguiente índice.
   899 0000126A 80F905                  	cmp 	cl, 5
   900 0000126D 75EF                    	jne 	seq_regs_loop
   901                                  
   902                                  ; Eliminar protección de los registros 0 a 7 del controlador VGA.
   903 0000126F B8112C                  	mov 	ax, 0x2C11
   904 00001272 BAD403                  	mov 	dx, 0x3D4  			; VGA_CRTC_ADDR
   905 00001275 EF                      	out 	dx, ax
   906                                  
   907                                  ; send CRTC regs
   908 00001276 B100                    	mov 	cl, 0
   909 00001278 BE[0800]                	mov 	si, crtc_regs_data
   910                                  crtc_regs_loop:
   911 0000127B BAD403                  	mov 	dx, 0x3D4  			; Puerto de índice del controlador VGA
   912 0000127E 88C8                    	mov 	al, cl
   913 00001280 EE                      	out 	dx, al
   914 00001281 2EAC                    	cs 		lodsb
   915 00001283 42                      	inc 	dx         			; Puerto de datos del controlador VGA.
   916 00001284 EE                      	out 	dx, al
   917 00001285 FEC1                    	inc 	cl
   918 00001287 80F919                  	cmp 	cl, 25
   919 0000128A 72EF                    	jb 	crtc_regs_loop
   920                                  
   921                                  inicializar_paleta:
   922 0000128C B100                    	mov 	cl, 0
   923 0000128E BE[3F00]                	mov 	si, palette_data
   924                                  inicializar_paleta_loop:
   925 00001291 BAC803                  	mov 	dx, 0x3C8 			; Puerto de índice paleta
   926 00001294 88C8                    	mov 	al, cl    			; Escribir número de registro
   927 00001296 EE                      	out 	dx, al
   928 00001297 42                      	inc 	dx        			; Apuntar al puerto de datos.
   929 00001298 2EAC                    	cs 		lodsb      			; Leer dato a cargar en el registro.
   930 0000129A EE                      	out 	dx, al    			; Cargar dato en el registro.
   931 0000129B 2EAC                    	cs 		lodsb      			; Leer dato a cargar en el registro.
   932 0000129D EE                      	out		dx, al    			; Cargar dato en el registro.
   933 0000129E 2EAC                    	cs 		lodsb      			; Leer dato a cargar en el registro.
   934 000012A0 EE                      	out 	dx, al    			; Cargar dato en el registro.
   935 000012A1 FEC1                    	inc 	cl
   936 000012A3 80F940                  	cmp 	cl,64
   937 000012A6 72E9                    	jb 		inicializar_paleta_loop
   938                                  ;Inicializar registros del controlador gráfico de VGA.
   939 000012A8 B100                    	mov 	cl, 0
   940 000012AA BE[2100]                	mov 	si, graphics_regs_data
   941                                  graphics_regs_loop:
   942                                  ; send register number to 3CE
   943 000012AD BACE03                  	mov 	dx, 0x3CE 			; VGA_GRAPHICS_CONTROLLER_ADDR
   944 000012B0 88C8                    	mov 	al, cl
   945 000012B2 EE                      	out 	dx, al
   946                                  
   947                                  ; send register value to 3CF
   948 000012B3 2EAC                    	cs 		lodsb
   949 000012B5 42                      	inc		dx
   950 000012B6 EE                      	out 	dx, al
   951                                  
   952                                  ; continue GRAPHICS loop
   953 000012B7 FEC1                    	inc 	cl
   954 000012B9 80F909                  	cmp 	cl, 9
   955 000012BC 72EF                    	jb 		graphics_regs_loop
   956                                  
   957                                  ; Habilitar escritura al puerto del controlador de atributos
   958 000012BE BADA03                  	mov 	dx, 0x3DA 			; VGA STATUS ADDR
   959 000012C1 EC                      	in 		al, dx
   960                                  ; Inicializar registros del controlador de atributos.
   961 000012C2 B100                    	mov 	cl, 0
   962 000012C4 BE[2A00]                	mov 	si, attrcon_regs_data
   963                                  attrcon_regs_loop:
   964                                  ; Apuntar al controlador de atributos.
   965 000012C7 BAC003                  	mov 	dx, 0x3C0 			; VGA_ATTRCON_ADDR
   966 000012CA 88C8                    	mov 	al, cl   			; Escribir número de registro
   967 000012CC EE                      	out 	dx, al
   968 000012CD 2EAC                    	cs 		lodsb      			; Leer dato a cargar en el registro.
   969 000012CF EE                      	out 	dx, al    			; Cargar dato en el registro.
   970                                   
   971 000012D0 FEC1                    	inc 	cl        			; Apuntar al siguiente registro.
   972 000012D2 80F915                  	cmp 	cl, 21    			; Ver si se escribieron todos los registros del ATTRCON.
   973 000012D5 72F0                    	jb 		attrcon_regs_loop 	; Saltar si no es así.
   974                                  
   975 000012D7 B020                    	mov 	al, 0x20  			; Reactivar el refresco de pantalla porque la
   976 000012D9 EE                      	out 	dx, al    			; escritura a registros de ATTRCON lo desactiva.
   977                                  
   978 000012DA BACE03                  	mov 	dx, 0x03ce 			; borrar modo par/impar
   979 000012DD B80500                  	mov 	ax, 5
   980 000012E0 EF                      	out 	dx, ax
   981                                  
   982 000012E1 B80604                  	mov 	ax, 0x0406 			; Mapear memoria VGA a 0xA0000.
   983 000012E4 EF                      	out 	dx, ax
   984                                  
   985 000012E5 BAC403                  	mov 	dx, 0x03c4			; Poner el plano de bits número 2
   986 000012E8 B80204                  	mov 	ax, 0x0402
   987 000012EB EF                      	out 	dx, ax
   988                                  
   989 000012EC B80406                  	mov 	ax, 0x0604  		; Borrar modo par/impar.
   990 000012EF EF                      	out 	dx, ax
   991                                  
   992 000012F0 B800A0                  	mov 	ax, 0xA000  		; Copiar mapa de caracteres.
   993 000012F3 8EC0                    	mov 	es, ax
   994 000012F5 BF0000                  	mov 	di, 0x0000
   995 000012F8 BE[FF00]                	mov 	si, font16x8
   996 000012FB B90001                  	mov 	cx, 256
   997                                  ciclo_copia_fonts:
   998 000012FE 2E66A5                  	cs 		movsd         		; Copiar 16 bytes al bitmap.
   999 00001301 2E66A5                  	cs 		movsd
  1000 00001304 2E66A5                  	cs 		movsd
  1001 00001307 2E66A5                  	cs 		movsd
  1002 0000130A 83C710                  	add 	di, 16       		; Saltear 16 bytes (VGA requiere 32 bytes/carácter)
  1003 0000130D E2EF                    	loop 	ciclo_copia_fonts
  1004                                  
  1005 0000130F B80203                  	mov 	ax, 0x0302   		; Volver a la operación normal.
  1006 00001312 EF                      	out 	dx, ax
  1007 00001313 B80402                  	mov 	ax, 0x0204
  1008 00001316 EF                      	out 	dx, ax
  1009 00001317 BACE03                  	mov 	dx, 0x03ce
  1010 0000131A B80510                  	mov 	ax, 0x1005
  1011 0000131D EF                      	out 	dx, ax
  1012 0000131E B8060E                  	mov 	ax, 0x0E06
  1013 00001321 EF                      	out 	dx, ax
  1014                                  	  
  1015                                  	;xchg	bx, bx
  1016                                  	
  1017 00001322 FA                      	cli
  1018 00001323 B800F0                  	mov		ax, ROM_LOCATION >> 4	; Segmento ubicado al comienzo del bloque
  1019 00001326 8ED8                    	mov		ds, ax
  1020 00001328 8EC0                    	mov		es, ax
  1021                                  	  
  1022 0000132A E81B00                  	call	HabilitarA20
  1023 0000132D 0F0116[B013]            	lgdt 	[gdtr_img]				; GDTR provisoria para 16 bits
  1024                                  	
  1025 00001332 660F01E0                	smsw  	eax
  1026 00001336 6683C801                	or	   	eax, CR0_PE				; Establecer el uP en MP
  1027 0000133A 0F01F0                  	lmsw  	ax
  1028                                  									; o32 jmp dowrd CS_SEL_32:flush_prefetch_queue
  1029 0000133D 66                      	db 		066h					; Prefijo
  1030 0000133E EA                      	db 		0EAh					; jmp
  1031 0000133F [B613]                  	dw 		flush_prefetch_queue	; offset parte baja
  1032 00001341 0F00                    	dw 		ROM_LOCATION >> 16		; offset parte alta
  1033 00001343 0800                    	dw 		CS_SEL					; selector
  1034                                  			  
  1035                                  fault_end:
  1036 00001345 F4                      	hlt
  1037 00001346 EBFD                    	jmp 	fault_end
  1038                                  
  1039                                  ;--------------------------------------------------------------------------------------------------------
  1040                                  ; Habilito puerta A20
  1041                                  ;--------------------------------------------------------------------------------------------------------
  1042                                  HabilitarA20:
  1043 00001348 B8FFFF                  	mov		ax, 0xFFFF					; AX=0xFFFF
  1044 0000134B 8EC0                    	mov		es, ax
  1045 0000134D 26813E0E7E55AA          	cmp		word [es:0x7E0E], 0xAA55 	; vemos si 0x107E0E coincide con 0x7E0E
  1046 00001354 740D                    	je		GateA20_disabled			; Coincide => A20 deshabilitada
  1047 00001356 D106FE7D                	rol		word [0x7DFE], 1			; Modifico 0x7E0E
  1048 0000135A 26813E0E7EAA55          	cmp		word [es:0x7E0E], 0x55AA	; Cambió 0x107E0E?
  1049 00001361 750C                    	jne		GateA20_enabled				; Si no cambió entonces A20 está enabled
  1050                                  GateA20_disabled:
  1051 00001363 B0DF                    	mov		al, 0xDF					; Comando de habilitación de A20
  1052 00001365 E80E00                  	call	Gate_A20					; habilitar Gate A20
  1053 00001368 3C00                    	cmp		al, 0						; OK?
  1054 0000136A 7403                    	je		GateA20_enabled				; OK => seguimos...
  1055                                  Fail:
  1056 0000136C F4                      	hlt									; colgamos el micro sin pasar por MP
  1057 0000136D EBFD                    	jmp		Fail
  1058                                  GateA20_enabled:
  1059 0000136F C706FE7D55AA            	mov		word [0x7DFE], 0xAA55		; restituimos la firma del bootloader
  1060 00001375 C3                      	ret
  1061                                  
  1062                                  ;--------------------------------------------------------------------------------------------------------
  1063                                  ; GATE_A20:
  1064                                  ; Controla la señal que maneja la compuerta del bit de direcciones A20. La señal de compuerta del bit A20 
  1065                                  ; toma una salida del procesador de teclado 8042.
  1066                                  ; Se debe utilizar cuando se planea acceder en Modo Protegido a direcciones de memoria mas allá del 
  1067                                  ; 1er. Mbyte.
  1068                                  ; El port 60h como entrada lee el scan code de la última tecla presionada, o liberada por el operador de 
  1069                                  ; la PC. Como salida tiene funciones muy específicas bit a bit: En particular el Bit 1 se utiliza para 
  1070                                  ; activar el Gate de A20 si se pone en 1 y desactivarlo si está en 0.
  1071                                  ; Por otra parte el port 64h es el registro de comandos/estados según se escriba o lea respectivamente
  1072                                  ; Llamar con :   AH = 0DDh, si se desea apagar esta se#al. (A20 siempre cero).
  1073                                  ;                AL = 0DFh, si se desea disparar esta se#al. (x86 controla A20)
  1074                                  ; Devuelve :     AL = 00, si hubo exito. El 8042 acepto el comando.
  1075                                  ;                AL = 02, si fallo. El 8042 no acepto el comando.
  1076                                  ; En BIOS nuevos aparece la INT 15h con ax 2400 disable, o 2401 enable
  1077                                  ;--------------------------------------------------------------------------------------------------------
  1078                                  %define 	port_a  	060h			; Direccion de E/S del Port A del 8042
  1079                                  %define 	ctrl_port	064h			; port de Estados del 8042
  1080                                  
  1081                                  Gate_A20:
  1082 00001376 FA                      	cli									; Mientras usa el 8042, no INTR
  1083                                  
  1084 00001377 E81300                  	call   	_8042_empty?				; Ve si buffer del 8042 está vacío.
  1085 0000137A 7510                    	jnz    	gate_a20_exit				; No lo está =>retorna con AL=2.
  1086                                  
  1087 0000137C B0D1                    	mov    	al, 0xD1					; Comando Write port del 8042..
  1088 0000137E E664                    	out    	ctrl_port,al				; ...se env¡a al port 64h.
  1089                                  
  1090 00001380 E80A00                  	call   	_8042_empty?				; Espera se acepte el comando.
  1091 00001383 7507                    	jnz    	gate_a20_exit				; Si no se acepta, Ret con AL=2
  1092                                  
  1093 00001385 88E0                    	mov    	al,ah						; Pone en AL el dato a escribir.
  1094 00001387 E660                    	out  	port_a, al					; Lo env¡a al 8042.
  1095 00001389 E80100                  	call	_8042_empty?				; Espera se acepte el comando.
  1096                                  gate_a20_exit:
  1097 0000138C C3                      	ret
  1098                                  
  1099                                  ;--------------------------------------------------------------------------------------------------------
  1100                                  ;8042_empty?:
  1101                                  ;Espera que se vac¡e el buffer del 8042. 
  1102                                  ;Llamar con :   Nada.
  1103                                  ;Devuelve :     AL = 00, el buffer del 8042 est  vac¡o.(ZF = 1)
  1104                                  ;               AL = 02, time out. El buffer del 8042 sigue lleno. (ZF = 0)
  1105                                  ;--------------------------------------------------------------------------------------------------------
  1106                                  _8042_empty?:
  1107 0000138D 51                      	push   	cx               			; salva CX.
  1108 0000138E 29C9                    	sub    	cx, cx          			; CX = 0 : valor de time out.
  1109                                  empty_8042_01: 
  1110 00001390 E464                    	in      al, ctrl_port  		  		; Lee port de estado del 8042.
  1111 00001392 2402                    	and    	al, 00000010b    			; si el bit 1 est  seteado o...
  1112 00001394 E0FA                    	loopnz 	empty_8042_01   			; no alcanzó time out, espera.
  1113 00001396 59                      	pop   	cx          		     	; recupera cx
  1114 00001397 C3                      	ret                 	         	; retorna con AL=0, si se limpió bit 1, o AL=2 si no.
  1115                                  	
  1116                                  	
  1117                                  ;--------------------------------------------------------------------------------
  1118                                  ; GDT provisoria para inicio en 16 bits. Queda dentro del binario init16.bin
  1119                                  ;--------------------------------------------------------------------------------
  1120                                  ALIGN 4
  1121                                  GDT16:
  1122                                  NULL_SEL	equ		$-GDT16
  1123 00001398 0000000000000000        	dq		0x0
  1124                                  
  1125                                  CS_SEL   	equ 	$-GDT16
  1126 000013A0 FFFF                    	dw 		0xFFFF 
  1127 000013A2 0000                    	dw 		0x0000
  1128 000013A4 00                      	db 		0x00
  1129 000013A5 9A                      	db 		0x9A
  1130 000013A6 CF                      	db 		0xCF
  1131 000013A7 00                      	db 		0
  1132                                  		
  1133                                  DS_SEL 		equ 	$-GDT16
  1134 000013A8 FFFF                    	dw 		0xFFFF 
  1135 000013AA 0000                    	dw 		0x0000
  1136 000013AC 00                      	db 		0x00
  1137 000013AD 92                      	db 		0x92
  1138 000013AE CF                      	db 		0xCF
  1139 000013AF 00                      	db 		0
  1140                                  
  1141                                  GDT_LENGTH 	equ 	$-GDT16
  1142                                  
  1143                                  gdtr_img:
  1144 000013B0 1700                    	dw 		GDT_LENGTH-1
  1145 000013B2 [98130F00]              	dd 		GDT16 + ROM_LOCATION
  1146                                  	
  1147                                  ;********************************************************************************
  1148                                  ; Modo protegido
  1149                                  ;********************************************************************************
  1150                                  USE32
  1151                                  
  1152                                  flush_prefetch_queue:
  1153 000013B6 66B81000                	mov		ax, DS_SEL
  1154 000013BA 8ED8                    	mov		ds, ax
  1155 000013BC 8EC0                    	mov		es, ax
  1156                                  									  ; Continua ejecutando en init32.asm
  1157                                  												 
  1158                                  ;********************************************************************************
  1159                                  ; 						-  -- --- Fin de archivo --- --  -
  1160                                  ; D. Garcia 																c2013
  1161                                  ;********************************************************************************
