     1                                  [BITS 32]
     2                                  SECTION 	.data		
     3                                  
     4                                  global		MI_gdtr
     5                                  global		MI_idtr
     6                                  global 		MI_GDT
     7                                  global		MI_IDT
     8                                  global		Desc_Dato32b	
     9                                  global		Desc_codigo32b
    10                                  global		Desc_Stack32b
    11                                  ;global		Desc_Interrupcion32b
    12                                  global		 vector_end
    13                                  
    14                                  global		handler_vector
    15                                  global		idt_vector
    16                                  
    17                                  INTERRUPCION32bits 	equ 10001110b					; INTERRUPCION32bits de 32 bits
    18                                  EXCEPCION32bits 	equ 10001111b					; EXCEPCION32bits de 32 bits
    19                                  
    20                                  ;
    21                                  ;Los handler estan definidos en el init_vect.asm
    22                                  EXTERN 	irq_0_handler  	;IRQ 0
    23                                  EXTERN 	irq_1_handler  	;IRQ 1
    24                                  EXTERN 	irq_2_handler  	;IRQ 2
    25                                  EXTERN 	irq_3_handler  	;IRQ 3
    26                                  EXTERN 	irq_4_handler  	;IRQ 4
    27                                  EXTERN 	irq_5_handler  	;IRQ 5
    28                                  EXTERN 	irq_6_handler  	;IRQ 6
    29                                  EXTERN 	irq_7_handler  	;IRQ 7
    30                                  EXTERN 	irq_8_handler  	;IRQ 8
    31                                  EXTERN 	irq_9_handler  	;IRQ 9
    32                                  EXTERN 	irq_10_handler 	;IRQ 10
    33                                  EXTERN 	irq_11_handler 	;IRQ 11
    34                                  EXTERN 	irq_12_handler 	;IRQ 12
    35                                  EXTERN 	irq_13_handler 	;IRQ 13
    36                                  EXTERN 	irq_14_handler 	;IRQ 14
    37                                  EXTERN 	irq_16_handler  ;IRQ 16
    38                                  EXTERN 	irq_17_handler  ;IRQ 17
    39                                  EXTERN 	irq_18_handler  ;IRQ 18
    40                                  EXTERN 	irq_19_handler  ;IRQ 19
    41                                  extern	timer_handler	; handler del timer
    42                                  EXTERN 	irq_keyb_handler	; handler del teclado
    43                                  
    44                                  
    45                                  
    46                                  
    47                                  
    48                                  SECTION 	.data
    49                                  ;;;;;;;;;;;;;;;;;;;;;;;;;;;;;;;;;;;;;;;;;;;;;;;;;;;;;;;;;;;;;;;;;;;;;;;;;;;;;
    50                                  ;       Global Descriptor Table ( GDT) MIA
    51                                  ;;;;;;;;;;;;;;;;;;;;;;;;;;;;;;;;;;;;;;;;;;;;;;;;;;;;;;;;;;;;;;;;;;;;;;;;;;;;;;
    52                                  
    53                                  ; Tabla de datos
    54                                  ALIGN 8
    55                                  ; Descriptor nulo. No inicializar
    56 00000000 0000                    MI_GDT:   dw 0                    ; Limite 15:0
    57 00000002 0000                            dw 0                    ; Base 15:0
    58 00000004 00                              db 0                    ; Base 23:16
    59 00000005 00                              db 0                    ; Byte de derechos de acceso
    60 00000006 00                              db 0                    ; Limite 19:16, flags
    61 00000007 00                              db 0                    ; Base 31:24
    62                                   
    63                                  Desc_codigo32b equ $-MI_GDT
    64 00000008 FFFF                            dw 0FFFFh 			; limit low
    65 0000000A 0000                    		dw 0x0 				; base low
    66 0000000C 00                      		db 0x0 				; base middle
    67 0000000D 9A                      		db 10011010b 			;   P=1, DPL=00,S=1, Type 1010, 
    68 0000000E CF                      		db 11001111b 			 ; G=1, B=1, L=0,AVL=0 , limite 1111
    69 0000000F 00                      		db 0x00 				; base high
    70                                  		
    71                                  Desc_Dato32b equ $-MI_GDT
    72 00000010 FFFF                    		dw 0xffff               ; Limite 15:0
    73 00000012 0000                            dw 0x0                    ; Base 15:0
    74 00000014 00                              db 0x0                    ; Base 23:16
    75 00000015 92                              db 10010010b               ; P=1, DPL=00,S=1, Type 0010, 
    76 00000016 CF                              db 11001111b               ; G=1, B=1, L=0,AVL=0 , limite 1111
    77 00000017 00                              db 0x00                    ; Base 31:24
    78                                  
    79                                  Desc_Stack32b equ $-MI_GDT     	; la pila va de 0x ffff 0000 a 0x ffff ffff
    80 00000018 F0FF                    		dw 0xfff0               ; Limite 15:0
    81 0000001A 0000                            dw 0x0000                  ; Base 15:0
    82 0000001C FF                              db 0xff                    ; Base 23:16
    83                                     ;     db 10010110b               ; P=1, DPL=00,S=1, Type 0110 Read/Write, expand-down
    84 0000001D 92                              db 10010010b               ; P=1, DPL=00,S=1, Type 0010 Read/Write
    85                                         ; db 01000000b               ; G=0, B=1, L=0,AVL=0 , limite 0000
    86 0000001E C0                              db 11000000b               ; G=1, B=1, L=0,AVL=0 , limite 0000
    87 0000001F FF                              db 0xff                    ; Base 31:24
    88                                  
    89                                  Desc_Interrupcion32b equ $-MI_GDT
    90 00000020 FFFF                            dw 0FFFFh 			; limit low
    91 00000022 0000                    		dw 0x0 				; base low
    92 00000024 00                      		db 0x0 				; base middle
    93 00000025 9A                      		db 10011010b 			;   P=1, DPL=00,S=1, Type 1010, 
    94 00000026 CF                      		db 11001111b 			 ; G=1, B=1, L=0,AVL=0 , limite 1111
    95 00000027 00                      		db 0x00 				; base high
    96                                  
    97                                          
    98                                  GDT_Lim equ $-MI_GDT
    99                                  
   100                                  MI_gdtr:
   101 00000028 2800                    	dw GDT_Lim    	;Limite
   102 0000002A [00000000]              	dd MI_GDT				     ;Base
   103                                  
   104                                  
   105                                  ;;;;;;;;;;;;;;;;;;;;;;;;;;;;;;;;;;;;;;;;;;;;;;;;;;;;;;;;;;;;;;;;;;;;;;;;;;;;;
   106                                  ;      Interrupt Descriptor Table ( IDT) MIA
   107                                  ;;;;;;;;;;;;;;;;;;;;;;;;;;;;;;;;;;;;;;;;;;;;;;;;;;;;;;;;;;;;;;;;;;;;;;;;;;;;;;
   108                                  ; Tabla de datos
   109 0000002E 90<rept>                ALIGN 8
   110                                  
   111                                  MI_IDT:		 
   112                                  		 
   113                                  irq_0:
   114 00000030 0000                    		dw  0x0000						; Offset IRQ (00:15) - A completar por rutina
   115 00000032 2000                    		dw 	Desc_Interrupcion32b					; CS de IRQ	
   116 00000034 00                      		db 	0x00						; NULL Byte
   117 00000035 8F                      		db 	EXCEPCION32bits 			; P=1, DPL=00, TIPO=1111
   118 00000036 0000                    		dw 	0x0000						; Offset IRQ (16:31) - A completar por rutina 
   119                                  
   120                                  irq_1:
   121 00000038 0000                    		dw  0x0000						; Offset IRQ (00:15) - A completar por rutina
   122 0000003A 2000                    		dw 	Desc_Interrupcion32b					; CS de IRQ	
   123 0000003C 00                      		db 	0x00						; NULL Byte
   124 0000003D 8F                      		db 	EXCEPCION32bits 			; P=1, DPL=00, TIPO=1111
   125 0000003E 0000                    		dw 	0x0000						; Offset IRQ (16:31) - A completar por rutina 
   126                                  
   127                                  irq_2:
   128 00000040 0000                    		dw  0x0000						; Offset IRQ (00:15) - A completar por rutina
   129 00000042 2000                    		dw 	Desc_Interrupcion32b					; CS de IRQ	
   130 00000044 00                      		db 	0x00						; NULL Byte
   131 00000045 8E                      		db 	INTERRUPCION32bits			; P=1, DPL=00, TIPO=1110
   132 00000046 0000                    		dw 	0x0000						; Offset IRQ (16:31) - A completar por rutina 		
   133                                  
   134                                  irq_3:
   135 00000048 0000                    		dw  0x0000						; Offset IRQ (00:15) - A completar por rutina
   136 0000004A 2000                    		dw 	Desc_Interrupcion32b					; CS de IRQ	
   137 0000004C 00                      		db 	0x00						; NULL Byte
   138 0000004D 8F                      		db 	EXCEPCION32bits 			; P=1, DPL=00, TIPO=1111
   139 0000004E 0000                    		dw 	0x0000						; Offset IRQ (16:31) - A completar por rutina 
   140                                  
   141                                  irq_4:
   142 00000050 0000                    		dw  0x0000						; Offset IRQ (00:15) - A completar por rutina
   143 00000052 2000                    		dw 	Desc_Interrupcion32b					; CS de IRQ	
   144 00000054 00                      		db 	0x00						; NULL Byte
   145 00000055 8F                      		db 	EXCEPCION32bits 			; P=1, DPL=00, TIPO=1111
   146 00000056 0000                    		dw 	0x0000						; Offset IRQ (16:31) - A completar por rutina 
   147                                  
   148                                  irq_5:
   149 00000058 0000                    		dw  0x0000						; Offset IRQ (00:15) - A completar por rutina
   150 0000005A 2000                    		dw 	Desc_Interrupcion32b					; CS de IRQ	
   151 0000005C 00                      		db 	0x00						; NULL Byte
   152 0000005D 8F                      		db 	EXCEPCION32bits 			; P=1, DPL=00, TIPO=1111
   153 0000005E 0000                    		dw 	0x0000						; Offset IRQ (16:31) - A completar por rutina 
   154                                  
   155                                  irq_6:
   156 00000060 0000                    		dw  0x0000						; Offset IRQ (00:15) - A completar por rutina
   157 00000062 2000                    		dw 	Desc_Interrupcion32b					; CS de IRQ	
   158 00000064 00                      		db 	0x00						; NULL Byte
   159 00000065 8F                      		db 	EXCEPCION32bits 			; P=1, DPL=00, TIPO=1111
   160 00000066 0000                    		dw 	0x0000						; Offset IRQ (16:31) - A completar por rutina 
   161                                  
   162                                  irq_7:
   163 00000068 0000                    		dw  0x0000						; Offset IRQ (00:15) - A completar por rutina
   164 0000006A 2000                    		dw 	Desc_Interrupcion32b					; CS de IRQ	
   165 0000006C 00                      		db 	0x00						; NULL Byte
   166 0000006D 8F                      		db 	EXCEPCION32bits 			; P=1, DPL=00, TIPO=1111
   167 0000006E 0000                    		dw 	0x0000						; Offset IRQ (16:31) - A completar por rutina 
   168                                  
   169                                  irq_8:
   170 00000070 0000                    		dw  0x0000						; Offset IRQ (00:15) - A completar por rutina
   171 00000072 2000                    		dw 	Desc_Interrupcion32b					; CS de IRQ	
   172 00000074 00                      		db 	0x00						; NULL Byte
   173 00000075 8F                      		db 	EXCEPCION32bits 			; P=1, DPL=00, TIPO=1111
   174 00000076 0000                    		dw 	0x0000						; Offset IRQ (16:31) - A completar por rutina 
   175                                  
   176                                  irq_9:
   177 00000078 0000                    		dw  0x0000						; Offset IRQ (00:15) - A completar por rutina
   178 0000007A 2000                    		dw 	Desc_Interrupcion32b					; CS de IRQ	
   179 0000007C 00                      		db 	0x00						; NULL Byte
   180 0000007D 8F                      		db 	EXCEPCION32bits 			; P=1, DPL=00, TIPO=1111
   181 0000007E 0000                    		dw 	0x0000						; Offset IRQ (16:31) - A completar por rutina 
   182                                  
   183                                  irq_10:
   184 00000080 0000                    		dw  0x0000						; Offset IRQ (00:15) - A completar por rutina
   185 00000082 2000                    		dw 	Desc_Interrupcion32b					; CS de IRQ	
   186 00000084 00                      		db 	0x00						; NULL Byte
   187 00000085 8F                      		db 	EXCEPCION32bits 			; P=1, DPL=00, TIPO=1111
   188 00000086 0000                    		dw 	0x0000						; Offset IRQ (16:31) - A completar por rutina 
   189                                  
   190                                  irq_11:
   191 00000088 0000                    		dw  0x0000						; Offset IRQ (00:15) - A completar por rutina
   192 0000008A 2000                    		dw 	Desc_Interrupcion32b					; CS de IRQ	
   193 0000008C 00                      		db 	0x00						; NULL Byte
   194 0000008D 8F                      		db 	EXCEPCION32bits 			; P=1, DPL=00, TIPO=1111
   195 0000008E 0000                    		dw 	0x0000						; Offset IRQ (16:31) - A completar por rutina 
   196                                  
   197                                  irq_12:
   198 00000090 0000                    		dw  0x0000						; Offset IRQ (00:15) - A completar por rutina
   199 00000092 2000                    		dw 	Desc_Interrupcion32b					; CS de IRQ	
   200 00000094 00                      		db 	0x00						; NULL Byte
   201 00000095 8F                      		db 	EXCEPCION32bits 			; P=1, DPL=00, TIPO=1111
   202 00000096 0000                    		dw 	0x0000						; Offset IRQ (16:31) - A completar por rutina 
   203                                  
   204                                  irq_13:
   205 00000098 0000                    		dw  0x0000						; Offset IRQ (00:15) - A completar por rutina
   206 0000009A 2000                    		dw 	Desc_Interrupcion32b					; CS de IRQ	
   207 0000009C 00                      		db 	0x00						; NULL Byte
   208 0000009D 8F                      		db 	EXCEPCION32bits 			; P=1, DPL=00, TIPO=1111
   209 0000009E 0000                    		dw 	0x0000						; Offset IRQ (16:31) - A completar por rutina 
   210                                  
   211                                  irq_14:
   212 000000A0 0000                    		dw  0x0000						; Offset IRQ (00:15) - A completar por rutina
   213 000000A2 2000                    		dw 	Desc_Interrupcion32b					; CS de IRQ	
   214 000000A4 00                      		db 	0x00						; NULL Byte
   215 000000A5 8F                      		db 	EXCEPCION32bits 			; P=1, DPL=00, TIPO=1111
   216 000000A6 0000                    		dw 	0x0000						; Offset IRQ (16:31) - A completar por rutina 
   217                                  
   218                                  irq_15:
   219 000000A8 0000                    		dw  0x0000						; IRQ Reservada
   220 000000AA 0000                    		dw 	0x0000						
   221 000000AC 00                      		db 	0x00						
   222 000000AD 00                      		db 	0x00						
   223 000000AE 0000                    		dw 	0x0000						
   224                                  
   225                                  irq_16:
   226 000000B0 0000                    		dw  0x0000						; Offset IRQ (00:15) - A completar por rutina
   227 000000B2 2000                    		dw 	Desc_Interrupcion32b					; CS de IRQ	
   228 000000B4 00                      		db 	0x00						; NULL Byte
   229 000000B5 8F                      		db 	EXCEPCION32bits 			; P=1, DPL=00, TIPO=1111
   230 000000B6 0000                    		dw 	0x0000						; Offset IRQ (16:31) - A completar por rutina 
   231                                  
   232                                  irq_17:
   233 000000B8 0000                    		dw  0x0000						; Offset IRQ (00:15) - A completar por rutina
   234 000000BA 2000                    		dw 	Desc_Interrupcion32b					; CS de IRQ	
   235 000000BC 00                      		db 	0x00						; NULL Byte
   236 000000BD 8F                      		db 	EXCEPCION32bits 			; P=1, DPL=00, TIPO=1111
   237 000000BE 0000                    		dw 	0x0000						; Offset IRQ (16:31) - A completar por rutina 
   238                                  
   239                                  irq_18:
   240 000000C0 0000                    		dw  0x0000						; Offset IRQ (00:15) - A completar por rutina
   241 000000C2 2000                    		dw 	Desc_Interrupcion32b					; CS de IRQ	
   242 000000C4 00                      		db 	0x00						; NULL Byte
   243 000000C5 8F                      		db 	EXCEPCION32bits 			; P=1, DPL=00, TIPO=1111
   244 000000C6 0000                    		dw 	0x0000						; Offset IRQ (16:31) - A completar por rutina 
   245                                  
   246                                  irq_19:
   247 000000C8 0000                    		dw  0x0000						; Offset IRQ (00:15) - A completar por rutina
   248 000000CA 2000                    		dw 	Desc_Interrupcion32b					; CS de IRQ	
   249 000000CC 00                      		db 	0x00						; NULL Byte
   250 000000CD 8F                      		db 	EXCEPCION32bits 			; P=1, DPL=00, TIPO=1111
   251 000000CE 0000                    		dw 	0x0000						; Offset IRQ (16:31) - A completar por rutina
   252                                  
   253                                  irq_20:
   254 000000D0 0000                    		dw  0x0000						; IRQ Reservada
   255 000000D2 0000                    		dw 	0x0000						
   256 000000D4 00                      		db 	0x00						
   257 000000D5 00                      		db 	0x00						
   258 000000D6 0000                    		dw 	0x0000						
   259                                  irq_21:
   260 000000D8 0000                    		dw  0x0000						; IRQ Reservada
   261 000000DA 0000                    		dw 	0x0000						
   262 000000DC 00                      		db 	0x00						
   263 000000DD 00                      		db 	0x00						
   264 000000DE 0000                    		dw 	0x0000						
   265                                  irq_22:
   266 000000E0 0000                    		dw  0x0000						; IRQ Reservada
   267 000000E2 0000                    		dw 	0x0000						
   268 000000E4 00                      		db 	0x00						
   269 000000E5 00                      		db 	0x00						
   270 000000E6 0000                    		dw 	0x0000						
   271                                  irq_23:
   272 000000E8 0000                    		dw  0x0000						; IRQ Reservada
   273 000000EA 0000                    		dw 	0x0000						
   274 000000EC 00                      		db 	0x00						
   275 000000ED 00                      		db 	0x00						
   276 000000EE 0000                    		dw 	0x0000						
   277                                  irq_24:
   278 000000F0 0000                    		dw  0x0000						; IRQ Reservada
   279 000000F2 0000                    		dw 	0x0000						
   280 000000F4 00                      		db 	0x00						
   281 000000F5 00                      		db 	0x00						
   282 000000F6 0000                    		dw 	0x0000						
   283                                  irq_25:
   284 000000F8 0000                    		dw  0x0000						; IRQ Reservada
   285 000000FA 0000                    		dw 	0x0000						
   286 000000FC 00                      		db 	0x00						
   287 000000FD 00                      		db 	0x00						
   288 000000FE 0000                    		dw 	0x0000						
   289                                  irq_26:
   290 00000100 0000                    		dw  0x0000						; IRQ Reservada
   291 00000102 0000                    		dw 	0x0000						
   292 00000104 00                      		db 	0x00						
   293 00000105 00                      		db 	0x00						
   294 00000106 0000                    		dw 	0x0000						
   295                                  irq_27:
   296 00000108 0000                    		dw  0x0000						; IRQ Reservada
   297 0000010A 0000                    		dw 	0x0000						
   298 0000010C 00                      		db 	0x00						
   299 0000010D 00                      		db 	0x00						
   300 0000010E 0000                    		dw 	0x0000						
   301                                  irq_28:
   302 00000110 0000                    		dw  0x0000						; IRQ Reservada
   303 00000112 0000                    		dw 	0x0000						
   304 00000114 00                      		db 	0x00						
   305 00000115 00                      		db 	0x00						
   306 00000116 0000                    		dw 	0x0000						
   307                                  irq_29:
   308 00000118 0000                    		dw  0x0000						; IRQ Reservada
   309 0000011A 0000                    		dw 	0x0000						
   310 0000011C 00                      		db 	0x00						
   311 0000011D 00                      		db 	0x00						
   312 0000011E 0000                    		dw 	0x0000						
   313                                  irq_30:
   314 00000120 0000                    		dw  0x0000						; IRQ Reservada
   315 00000122 0000                    		dw 	0x0000						
   316 00000124 00                      		db 	0x00						
   317 00000125 00                      		db 	0x00						
   318 00000126 0000                    		dw 	0x0000						
   319                                  irq_31:
   320 00000128 0000                    		dw  0x0000						; IRQ Reservada
   321 0000012A 0000                    		dw 	0x0000						
   322 0000012C 00                      		db 	0x00						
   323 0000012D 00                      		db 	0x00						
   324 0000012E 0000                    		dw 	0x0000						
   325                                  
   326                                  
   327                                  irq_32:
   328 00000130 0000                    		dw  0x0000						; Offset IRQ (00:15) - A completar por rutina
   329 00000132 2000                    		dw 	Desc_Interrupcion32b					; CS de IRQ	
   330 00000134 00                      		db 	0x00						; NULL Byte
   331 00000135 8F                      		db EXCEPCION32bits
   332                                  		;db 	INTERRUPCION32bits			; P=1, DPL=00, TIPO=1111
   333 00000136 0000                    		dw 	0x0000						; Offset IRQ (16:31) - A completar por rutina 
   334                                  
   335                                  irq_33:
   336 00000138 0000                    		dw  0x0000						; Offset IRQ (00:15) - A completar por rutina
   337 0000013A 2000                    		dw 	Desc_Interrupcion32b					; CS de IRQ	
   338 0000013C 00                      		db 	0x00						; NULL Byte
   339 0000013D 8F                      		db EXCEPCION32bits
   340                                  		;db 	INTERRUPCION32bits			; P=1, DPL=00, TIPO=1111
   341 0000013E 0000                    		dw 	0x0000						; Offset IRQ (16:31) - A completar por rutina 
   342                                  		
   343                                  	;times 256-34 db 0x00
   344                                  IDT_LENGTH  equ 	$-MI_IDT
   345                                  
   346                                  MI_idtr:
   347 00000140 0F01                    	dw 		IDT_LENGTH-1
   348 00000142 [30000000]              	dd 		MI_IDT
   349                                  
   350                                  ;-------------------------------------------
   351                                  ; + Handler vector
   352                                  ; + USO: Todas las direcciones de cada handler deben estar definidas en este
   353                                  ; 		 vector de 256 posiciones (una por handler). Para las posiciones que contengan
   354                                  ; 		 una direccion valida, esta direccion sera insertada en su correspondiente
   355                                  ; 		 descriptor en la IDT. Sera realizado por la rutina "init_interrupt_vector".
   356                                  ;-------------------------------------------
   357                                  vector_end equ 0xCAFECAFE 	; END IRQ VECTOR COOKIE
   358                                  
   359                                  handler_vector:
   360 00000146 [00000000]              dd 	irq_0_handler  	;IRQ 0
   361 0000014A [00000000]              dd 	irq_1_handler  	;IRQ 1
   362 0000014E [00000000]              dd 	irq_2_handler  	;IRQ 2
   363 00000152 [00000000]              dd 	irq_3_handler  	;IRQ 3
   364 00000156 [00000000]              dd 	irq_4_handler  	;IRQ 4
   365 0000015A [00000000]              dd 	irq_5_handler  	;IRQ 5
   366 0000015E [00000000]              dd 	irq_6_handler  	;IRQ 6
   367 00000162 [00000000]              dd 	irq_7_handler  	;IRQ 7
   368 00000166 [00000000]              dd 	irq_8_handler  	;IRQ 8
   369 0000016A [00000000]              dd 	irq_9_handler  	;IRQ 9
   370 0000016E [00000000]              dd 	irq_10_handler 	;IRQ 10
   371 00000172 [00000000]              dd 	irq_11_handler 	;IRQ 11
   372 00000176 [00000000]              dd 	irq_12_handler 	;IRQ 12
   373 0000017A [00000000]              dd 	irq_13_handler 	;IRQ 13
   374 0000017E [00000000]              dd 	irq_14_handler 	;IRQ 14
   375 00000182 FFFFFFFF                dd 	0xFFFFFFFF  	;IRQ 15
   376 00000186 [00000000]              dd 	irq_16_handler  ;IRQ 16
   377 0000018A [00000000]              dd 	irq_17_handler  ;IRQ 17
   378 0000018E [00000000]              dd 	irq_18_handler  ;IRQ 18
   379 00000192 [00000000]              dd 	irq_19_handler  ;IRQ 19
   380 00000196 FFFFFFFF                dd 	0xFFFFFFFF  	;IRQ 20
   381 0000019A FFFFFFFF                dd 	0xFFFFFFFF  	;IRQ 21
   382 0000019E FFFFFFFF                dd 	0xFFFFFFFF  	;IRQ 22
   383 000001A2 FFFFFFFF                dd 	0xFFFFFFFF  	;IRQ 23
   384 000001A6 FFFFFFFF                dd 	0xFFFFFFFF  	;IRQ 24
   385 000001AA FFFFFFFF                dd 	0xFFFFFFFF  	;IRQ 25
   386 000001AE FFFFFFFF                dd 	0xFFFFFFFF  	;IRQ 26
   387 000001B2 FFFFFFFF                dd 	0xFFFFFFFF  	;IRQ 27
   388 000001B6 FFFFFFFF                dd 	0xFFFFFFFF  	;IRQ 28
   389 000001BA FFFFFFFF                dd 	0xFFFFFFFF  	;IRQ 29
   390 000001BE FFFFFFFF                dd 	0xFFFFFFFF  	;IRQ 30
   391 000001C2 FFFFFFFF                dd 	0xFFFFFFFF  	;IRQ 31
   392 000001C6 [00000000]              dd  timer_handler	;IRQ 32 timer
   393 000001CA [00000000]              dd	irq_keyb_handler ;IRQ 33 teclado
   394 000001CE FECAFECA                dd 	vector_end
   395                                  
   396                                  idt_vector:
   397 000001D2 [30000000]              dd 	irq_0
   398 000001D6 [38000000]              dd 	irq_1
   399 000001DA [40000000]              dd 	irq_2
   400 000001DE [48000000]              dd 	irq_3
   401 000001E2 [50000000]              dd 	irq_4
   402 000001E6 [58000000]              dd 	irq_5
   403 000001EA [60000000]              dd 	irq_6
   404 000001EE [68000000]              dd 	irq_7
   405 000001F2 [70000000]              dd 	irq_8
   406 000001F6 [78000000]              dd 	irq_9
   407 000001FA [80000000]              dd 	irq_10
   408 000001FE [88000000]              dd 	irq_11
   409 00000202 [90000000]              dd 	irq_12
   410 00000206 [98000000]              dd 	irq_13
   411 0000020A [A0000000]              dd 	irq_14
   412 0000020E [A8000000]              dd 	irq_15
   413 00000212 [B0000000]              dd 	irq_16
   414 00000216 [B8000000]              dd 	irq_17
   415 0000021A [C0000000]              dd 	irq_18
   416 0000021E [C8000000]              dd 	irq_19
   417 00000222 [D0000000]              dd 	irq_20
   418 00000226 [D8000000]              dd 	irq_21
   419 0000022A [E0000000]              dd 	irq_22
   420 0000022E [E8000000]              dd 	irq_23
   421 00000232 [F0000000]              dd 	irq_24
   422 00000236 [F8000000]              dd 	irq_25
   423 0000023A [00010000]              dd 	irq_26
   424 0000023E [08010000]              dd 	irq_27
   425 00000242 [10010000]              dd 	irq_28
   426 00000246 [18010000]              dd 	irq_29 	
   427 0000024A [20010000]              dd 	irq_30
   428 0000024E [28010000]              dd 	irq_31
   429 00000252 [30010000]              dd 	irq_32
   430 00000256 [38010000]              dd 	irq_33
   431 0000025A FECAFECA                dd 	vector_end
