     1                                  
     2                                  ;------- EQU's y definiciones del sistema---------------------------
     3                                  CONSTANTE EQU 1
     4                                  ;----------------------------------------------
     5                                  
     6                                  [ORG KERNEL_MEMORY] ;debe estar definida en el Makefie
     7                                  
     8                                  [BITS 16]
     9                                   
    10                                  %ifndef KERNEL_MEMORY
    11                                          %error "la direccion del kernel no esta definida"
    12                                  %endif
    13                                  
    14                                  start:
    15 00000000 EB07                    	jmp Inicio
    16                                  
    17                                  
    18                                  ;---------------Tablas y estructuras de datos del sistema -------------------------------
    19                                  
    20                                  ; Tabla de datos
    21 00000002 90<rept>                ALIGN 8
    22                                  
    23                                  datos_alineados:	;por ej para una GDT....
    24 00000008 00                      	db 0   ;
    25                                  
    26                                  
    27                                  
    28                                  ;------------Fin de espacio de tablas y estructuras del sistema
    29                                  	
    30                                  Inicio:
    31 00000009 87DB                    	xchg	bx, bx	;magic breakpoint
    32 0000000B FA                      	cli
    33                                  
    34 0000000C 0F20C0                  	mov eax,cr0		;seteo el bit 0 (PM) de CR0
    35 0000000F 0C01                    	or al,1
    36 00000011 0F22C0                  	mov cr0,eax
    37                                  
    38 00000014 EA[1900]0800            	jmp 08:ModoProt	;solo si esta definido el segmento en una GDT
    39                                  
    40                                  
    41                                  ModoProt:
    42 00000019 F4                      	hlt
    43                                  	
    44                                  	
    45                                  ;----------------- FIN
